The target system is: Linux -  - aarch64
The host system is: Linux - 6.8.0-106-generic - x86_64
Compiling the C compiler identification source file "CMakeCCompilerId.c" succeeded.
Compiler: /home/talowe/rv1126b/rv1126b_linux6.1_sdk_v1.1.0/buildroot/output/rockchip_rv1126b/host/bin/aarch64-buildroot-linux-gnu-gcc 
Build flags: 
Id flags:  

The output was:
0


Compilation of the C compiler identification source "CMakeCCompilerId.c" produced "a.out"

The C compiler identification is GNU, found in "/home/talowe/rv1126b_aidemo/yolo26_cam/cpp/build/build_rknn_yolo26_cam_rv1126b_linux_aarch64_Release/CMakeFiles/3.22.1/CompilerIdC/a.out"

Compiling the CXX compiler identification source file "CMakeCXXCompilerId.cpp" succeeded.
Compiler: /home/talowe/rv1126b/rv1126b_linux6.1_sdk_v1.1.0/buildroot/output/rockchip_rv1126b/host/bin/aarch64-buildroot-linux-gnu-g++ 
Build flags: 
Id flags:  

The output was:
0


Compilation of the CXX compiler identification source "CMakeCXXCompilerId.cpp" produced "a.out"

The CXX compiler identification is GNU, found in "/home/talowe/rv1126b_aidemo/yolo26_cam/cpp/build/build_rknn_yolo26_cam_rv1126b_linux_aarch64_Release/CMakeFiles/3.22.1/CompilerIdCXX/a.out"

Detecting C compiler ABI info compiled with the following output:
Change Dir: /home/talowe/rv1126b_aidemo/yolo26_cam/cpp/build/build_rknn_yolo26_cam_rv1126b_linux_aarch64_Release/CMakeFiles/CMakeTmp

Run Build Command(s):/usr/bin/gmake -f Makefile cmTC_f0b0d/fast && /usr/bin/gmake  -f CMakeFiles/cmTC_f0b0d.dir/build.make CMakeFiles/cmTC_f0b0d.dir/build
gmake[1]: Entering directory '/home/talowe/rv1126b_aidemo/yolo26_cam/cpp/build/build_rknn_yolo26_cam_rv1126b_linux_aarch64_Release/CMakeFiles/CMakeTmp'
Building C object CMakeFiles/cmTC_f0b0d.dir/CMakeCCompilerABI.c.o
/home/talowe/rv1126b/rv1126b_linux6.1_sdk_v1.1.0/buildroot/output/rockchip_rv1126b/host/bin/aarch64-buildroot-linux-gnu-gcc   -v -o CMakeFiles/cmTC_f0b0d.dir/CMakeCCompilerABI.c.o -c /usr/share/cmake-3.22/Modules/CMakeCCompilerABI.c
Using built-in specs.
COLLECT_GCC=/home/talowe/rv1126b/rv1126b_linux6.1_sdk_v1.1.0/buildroot/output/rockchip_rv1126b/host/bin/aarch64-buildroot-linux-gnu-gcc.br_real
Target: aarch64-buildroot-linux-gnu
Configured with: ./configure --prefix=/home/talowe/rv1126b/rv1126b_linux6.1_sdk_v1.1.0/buildroot/output/rockchip_rv1126b/host --sysconfdir=/home/talowe/rv1126b/rv1126b_linux6.1_sdk_v1.1.0/buildroot/output/rockchip_rv1126b/host/etc --enable-static --target=aarch64-buildroot-linux-gnu --with-sysroot=/home/talowe/rv1126b/rv1126b_linux6.1_sdk_v1.1.0/buildroot/output/rockchip_rv1126b/host/aarch64-buildroot-linux-gnu/sysroot --enable-__cxa_atexit --with-gnu-ld --disable-libssp --disable-multilib --disable-decimal-float --enable-plugins --enable-lto --with-gmp=/home/talowe/rv1126b/rv1126b_linux6.1_sdk_v1.1.0/buildroot/output/rockchip_rv1126b/host --with-mpc=/home/talowe/rv1126b/rv1126b_linux6.1_sdk_v1.1.0/buildroot/output/rockchip_rv1126b/host --with-mpfr=/home/talowe/rv1126b/rv1126b_linux6.1_sdk_v1.1.0/buildroot/output/rockchip_rv1126b/host --with-pkgversion='Buildroot 2024.02' --with-bugurl=https://gitlab.com/buildroot.org/buildroot/-/issues --without-zstd --disable-libquadmath --disable-libquadmath-support --enable-tls --enable-threads --without-isl --without-cloog --with-abi=lp64 --with-cpu=cortex-a53 --enable-languages=c,c++ --with-build-time-tools=/home/talowe/rv1126b/rv1126b_linux6.1_sdk_v1.1.0/buildroot/output/rockchip_rv1126b/host/aarch64-buildroot-linux-gnu/bin --enable-shared --disable-libgomp
Thread model: posix
Supported LTO compression algorithms: zlib
gcc version 13.3.0 (Buildroot 2024.02) 
COLLECT_GCC_OPTIONS='--sysroot=/home/talowe/rv1126b/rv1126b_linux6.1_sdk_v1.1.0/buildroot/output/rockchip_rv1126b/host/aarch64-buildroot-linux-gnu/sysroot' '-fstack-protector-strong' '-fPIE' '-pie' '-v' '-o' 'CMakeFiles/cmTC_f0b0d.dir/CMakeCCompilerABI.c.o' '-c' '-mcpu=cortex-a53' '-mlittle-endian' '-mabi=lp64' '-dumpdir' 'CMakeFiles/cmTC_f0b0d.dir/'
 /home/talowe/rv1126b/rv1126b_linux6.1_sdk_v1.1.0/buildroot/output/rockchip_rv1126b/host/libexec/gcc/aarch64-buildroot-linux-gnu/13.3.0/cc1 -quiet -v -isysroot /home/talowe/rv1126b/rv1126b_linux6.1_sdk_v1.1.0/buildroot/output/rockchip_rv1126b/host/aarch64-buildroot-linux-gnu/sysroot /usr/share/cmake-3.22/Modules/CMakeCCompilerABI.c -quiet -dumpdir CMakeFiles/cmTC_f0b0d.dir/ -dumpbase CMakeCCompilerABI.c.c -dumpbase-ext .c -mcpu=cortex-a53 -mlittle-endian -mabi=lp64 -version -fstack-protector-strong -fPIE -o /tmp/ccnNLvju.s
GNU C17 (Buildroot 2024.02) version 13.3.0 (aarch64-buildroot-linux-gnu)
	compiled by GNU C version 11.4.0, GMP version 6.3.0, MPFR version 4.1.1, MPC version 1.2.1, isl version none
GGC heuristics: --param ggc-min-expand=100 --param ggc-min-heapsize=131072
ignoring nonexistent directory "/home/talowe/rv1126b/rv1126b_linux6.1_sdk_v1.1.0/buildroot/output/rockchip_rv1126b/host/aarch64-buildroot-linux-gnu/sysroot/usr/local/include"
#include "..." search starts here:
#include <...> search starts here:
 /home/talowe/rv1126b/rv1126b_linux6.1_sdk_v1.1.0/buildroot/output/rockchip_rv1126b/host/lib/gcc/aarch64-buildroot-linux-gnu/13.3.0/include
 /home/talowe/rv1126b/rv1126b_linux6.1_sdk_v1.1.0/buildroot/output/rockchip_rv1126b/host/lib/gcc/aarch64-buildroot-linux-gnu/13.3.0/include-fixed
 /home/talowe/rv1126b/rv1126b_linux6.1_sdk_v1.1.0/buildroot/output/rockchip_rv1126b/host/lib/gcc/aarch64-buildroot-linux-gnu/13.3.0/../../../../aarch64-buildroot-linux-gnu/include
 /home/talowe/rv1126b/rv1126b_linux6.1_sdk_v1.1.0/buildroot/output/rockchip_rv1126b/host/aarch64-buildroot-linux-gnu/sysroot/usr/include
End of search list.
Compiler executable checksum: d0cd1ac898f4833cccb9840a2eb8c9f4
COLLECT_GCC_OPTIONS='--sysroot=/home/talowe/rv1126b/rv1126b_linux6.1_sdk_v1.1.0/buildroot/output/rockchip_rv1126b/host/aarch64-buildroot-linux-gnu/sysroot' '-fstack-protector-strong' '-fPIE' '-pie' '-v' '-o' 'CMakeFiles/cmTC_f0b0d.dir/CMakeCCompilerABI.c.o' '-c' '-mcpu=cortex-a53' '-mlittle-endian' '-mabi=lp64' '-dumpdir' 'CMakeFiles/cmTC_f0b0d.dir/'
 /home/talowe/rv1126b/rv1126b_linux6.1_sdk_v1.1.0/buildroot/output/rockchip_rv1126b/host/lib/gcc/aarch64-buildroot-linux-gnu/13.3.0/../../../../aarch64-buildroot-linux-gnu/bin/as -v -EL -march=armv8-a+crc -mabi=lp64 -o CMakeFiles/cmTC_f0b0d.dir/CMakeCCompilerABI.c.o /tmp/ccnNLvju.s
GNU assembler version 2.40 (aarch64-buildroot-linux-gnu) using BFD version (GNU Binutils) 2.40
COMPILER_PATH=/home/talowe/rv1126b/rv1126b_linux6.1_sdk_v1.1.0/buildroot/output/rockchip_rv1126b/host/libexec/gcc/aarch64-buildroot-linux-gnu/13.3.0/:/home/talowe/rv1126b/rv1126b_linux6.1_sdk_v1.1.0/buildroot/output/rockchip_rv1126b/host/libexec/gcc/aarch64-buildroot-linux-gnu/13.3.0/:/home/talowe/rv1126b/rv1126b_linux6.1_sdk_v1.1.0/buildroot/output/rockchip_rv1126b/host/libexec/gcc/aarch64-buildroot-linux-gnu/:/home/talowe/rv1126b/rv1126b_linux6.1_sdk_v1.1.0/buildroot/output/rockchip_rv1126b/host/lib/gcc/aarch64-buildroot-linux-gnu/13.3.0/:/home/talowe/rv1126b/rv1126b_linux6.1_sdk_v1.1.0/buildroot/output/rockchip_rv1126b/host/lib/gcc/aarch64-buildroot-linux-gnu/:/home/talowe/rv1126b/rv1126b_linux6.1_sdk_v1.1.0/buildroot/output/rockchip_rv1126b/host/lib/gcc/aarch64-buildroot-linux-gnu/13.3.0/../../../../aarch64-buildroot-linux-gnu/bin/
LIBRARY_PATH=/home/talowe/rv1126b/rv1126b_linux6.1_sdk_v1.1.0/buildroot/output/rockchip_rv1126b/host/lib/gcc/aarch64-buildroot-linux-gnu/13.3.0/:/home/talowe/rv1126b/rv1126b_linux6.1_sdk_v1.1.0/buildroot/output/rockchip_rv1126b/host/lib/gcc/aarch64-buildroot-linux-gnu/13.3.0/../../../../aarch64-buildroot-linux-gnu/lib/../lib64/:/home/talowe/rv1126b/rv1126b_linux6.1_sdk_v1.1.0/buildroot/output/rockchip_rv1126b/host/aarch64-buildroot-linux-gnu/sysroot/lib/../lib64/:/home/talowe/rv1126b/rv1126b_linux6.1_sdk_v1.1.0/buildroot/output/rockchip_rv1126b/host/aarch64-buildroot-linux-gnu/sysroot/usr/lib/../lib64/:/home/talowe/rv1126b/rv1126b_linux6.1_sdk_v1.1.0/buildroot/output/rockchip_rv1126b/host/lib/gcc/aarch64-buildroot-linux-gnu/13.3.0/../../../../aarch64-buildroot-linux-gnu/lib/:/home/talowe/rv1126b/rv1126b_linux6.1_sdk_v1.1.0/buildroot/output/rockchip_rv1126b/host/aarch64-buildroot-linux-gnu/sysroot/lib/:/home/talowe/rv1126b/rv1126b_linux6.1_sdk_v1.1.0/buildroot/output/rockchip_rv1126b/host/aarch64-buildroot-linux-gnu/sysroot/usr/lib/
COLLECT_GCC_OPTIONS='--sysroot=/home/talowe/rv1126b/rv1126b_linux6.1_sdk_v1.1.0/buildroot/output/rockchip_rv1126b/host/aarch64-buildroot-linux-gnu/sysroot' '-fstack-protector-strong' '-fPIE' '-pie' '-v' '-o' 'CMakeFiles/cmTC_f0b0d.dir/CMakeCCompilerABI.c.o' '-c' '-mcpu=cortex-a53' '-mlittle-endian' '-mabi=lp64' '-dumpdir' 'CMakeFiles/cmTC_f0b0d.dir/CMakeCCompilerABI.c.'
Linking C executable cmTC_f0b0d
/usr/bin/cmake -E cmake_link_script CMakeFiles/cmTC_f0b0d.dir/link.txt --verbose=1
/home/talowe/rv1126b/rv1126b_linux6.1_sdk_v1.1.0/buildroot/output/rockchip_rv1126b/host/bin/aarch64-buildroot-linux-gnu-gcc  -v CMakeFiles/cmTC_f0b0d.dir/CMakeCCompilerABI.c.o -o cmTC_f0b0d 
Using built-in specs.
COLLECT_GCC=/home/talowe/rv1126b/rv1126b_linux6.1_sdk_v1.1.0/buildroot/output/rockchip_rv1126b/host/bin/aarch64-buildroot-linux-gnu-gcc.br_real
COLLECT_LTO_WRAPPER=/home/talowe/rv1126b/rv1126b_linux6.1_sdk_v1.1.0/buildroot/output/rockchip_rv1126b/host/libexec/gcc/aarch64-buildroot-linux-gnu/13.3.0/lto-wrapper
Target: aarch64-buildroot-linux-gnu
Configured with: ./configure --prefix=/home/talowe/rv1126b/rv1126b_linux6.1_sdk_v1.1.0/buildroot/output/rockchip_rv1126b/host --sysconfdir=/home/talowe/rv1126b/rv1126b_linux6.1_sdk_v1.1.0/buildroot/output/rockchip_rv1126b/host/etc --enable-static --target=aarch64-buildroot-linux-gnu --with-sysroot=/home/talowe/rv1126b/rv1126b_linux6.1_sdk_v1.1.0/buildroot/output/rockchip_rv1126b/host/aarch64-buildroot-linux-gnu/sysroot --enable-__cxa_atexit --with-gnu-ld --disable-libssp --disable-multilib --disable-decimal-float --enable-plugins --enable-lto --with-gmp=/home/talowe/rv1126b/rv1126b_linux6.1_sdk_v1.1.0/buildroot/output/rockchip_rv1126b/host --with-mpc=/home/talowe/rv1126b/rv1126b_linux6.1_sdk_v1.1.0/buildroot/output/rockchip_rv1126b/host --with-mpfr=/home/talowe/rv1126b/rv1126b_linux6.1_sdk_v1.1.0/buildroot/output/rockchip_rv1126b/host --with-pkgversion='Buildroot 2024.02' --with-bugurl=https://gitlab.com/buildroot.org/buildroot/-/issues --without-zstd --disable-libquadmath --disable-libquadmath-support --enable-tls --enable-threads --without-isl --without-cloog --with-abi=lp64 --with-cpu=cortex-a53 --enable-languages=c,c++ --with-build-time-tools=/home/talowe/rv1126b/rv1126b_linux6.1_sdk_v1.1.0/buildroot/output/rockchip_rv1126b/host/aarch64-buildroot-linux-gnu/bin --enable-shared --disable-libgomp
Thread model: posix
Supported LTO compression algorithms: zlib
gcc version 13.3.0 (Buildroot 2024.02) 
COMPILER_PATH=/home/talowe/rv1126b/rv1126b_linux6.1_sdk_v1.1.0/buildroot/output/rockchip_rv1126b/host/libexec/gcc/aarch64-buildroot-linux-gnu/13.3.0/:/home/talowe/rv1126b/rv1126b_linux6.1_sdk_v1.1.0/buildroot/output/rockchip_rv1126b/host/libexec/gcc/aarch64-buildroot-linux-gnu/13.3.0/:/home/talowe/rv1126b/rv1126b_linux6.1_sdk_v1.1.0/buildroot/output/rockchip_rv1126b/host/libexec/gcc/aarch64-buildroot-linux-gnu/:/home/talowe/rv1126b/rv1126b_linux6.1_sdk_v1.1.0/buildroot/output/rockchip_rv1126b/host/lib/gcc/aarch64-buildroot-linux-gnu/13.3.0/:/home/talowe/rv1126b/rv1126b_linux6.1_sdk_v1.1.0/buildroot/output/rockchip_rv1126b/host/lib/gcc/aarch64-buildroot-linux-gnu/:/home/talowe/rv1126b/rv1126b_linux6.1_sdk_v1.1.0/buildroot/output/rockchip_rv1126b/host/lib/gcc/aarch64-buildroot-linux-gnu/13.3.0/../../../../aarch64-buildroot-linux-gnu/bin/
LIBRARY_PATH=/home/talowe/rv1126b/rv1126b_linux6.1_sdk_v1.1.0/buildroot/output/rockchip_rv1126b/host/lib/gcc/aarch64-buildroot-linux-gnu/13.3.0/:/home/talowe/rv1126b/rv1126b_linux6.1_sdk_v1.1.0/buildroot/output/rockchip_rv1126b/host/lib/gcc/aarch64-buildroot-linux-gnu/13.3.0/../../../../aarch64-buildroot-linux-gnu/lib/../lib64/:/home/talowe/rv1126b/rv1126b_linux6.1_sdk_v1.1.0/buildroot/output/rockchip_rv1126b/host/aarch64-buildroot-linux-gnu/sysroot/lib/../lib64/:/home/talowe/rv1126b/rv1126b_linux6.1_sdk_v1.1.0/buildroot/output/rockchip_rv1126b/host/aarch64-buildroot-linux-gnu/sysroot/usr/lib/../lib64/:/home/talowe/rv1126b/rv1126b_linux6.1_sdk_v1.1.0/buildroot/output/rockchip_rv1126b/host/lib/gcc/aarch64-buildroot-linux-gnu/13.3.0/../../../../aarch64-buildroot-linux-gnu/lib/:/home/talowe/rv1126b/rv1126b_linux6.1_sdk_v1.1.0/buildroot/output/rockchip_rv1126b/host/aarch64-buildroot-linux-gnu/sysroot/lib/:/home/talowe/rv1126b/rv1126b_linux6.1_sdk_v1.1.0/buildroot/output/rockchip_rv1126b/host/aarch64-buildroot-linux-gnu/sysroot/usr/lib/
COLLECT_GCC_OPTIONS='--sysroot=/home/talowe/rv1126b/rv1126b_linux6.1_sdk_v1.1.0/buildroot/output/rockchip_rv1126b/host/aarch64-buildroot-linux-gnu/sysroot' '-fstack-protector-strong' '-fPIE' '-pie' '-v' '-o' 'cmTC_f0b0d' '-mcpu=cortex-a53' '-mlittle-endian' '-mabi=lp64' '-dumpdir' 'cmTC_f0b0d.'
 /home/talowe/rv1126b/rv1126b_linux6.1_sdk_v1.1.0/buildroot/output/rockchip_rv1126b/host/libexec/gcc/aarch64-buildroot-linux-gnu/13.3.0/collect2 -plugin /home/talowe/rv1126b/rv1126b_linux6.1_sdk_v1.1.0/buildroot/output/rockchip_rv1126b/host/libexec/gcc/aarch64-buildroot-linux-gnu/13.3.0/liblto_plugin.so -plugin-opt=/home/talowe/rv1126b/rv1126b_linux6.1_sdk_v1.1.0/buildroot/output/rockchip_rv1126b/host/libexec/gcc/aarch64-buildroot-linux-gnu/13.3.0/lto-wrapper -plugin-opt=-fresolution=/tmp/ccmJBDl1.res -plugin-opt=-pass-through=-lgcc -plugin-opt=-pass-through=-lgcc_s -plugin-opt=-pass-through=-lc -plugin-opt=-pass-through=-lgcc -plugin-opt=-pass-through=-lgcc_s --sysroot=/home/talowe/rv1126b/rv1126b_linux6.1_sdk_v1.1.0/buildroot/output/rockchip_rv1126b/host/aarch64-buildroot-linux-gnu/sysroot --eh-frame-hdr -dynamic-linker /lib/ld-linux-aarch64.so.1 -X -EL -maarch64linux -pie -o cmTC_f0b0d /home/talowe/rv1126b/rv1126b_linux6.1_sdk_v1.1.0/buildroot/output/rockchip_rv1126b/host/aarch64-buildroot-linux-gnu/sysroot/lib/../lib64/Scrt1.o /home/talowe/rv1126b/rv1126b_linux6.1_sdk_v1.1.0/buildroot/output/rockchip_rv1126b/host/aarch64-buildroot-linux-gnu/sysroot/lib/../lib64/crti.o /home/talowe/rv1126b/rv1126b_linux6.1_sdk_v1.1.0/buildroot/output/rockchip_rv1126b/host/lib/gcc/aarch64-buildroot-linux-gnu/13.3.0/crtbeginS.o -L/home/talowe/rv1126b/rv1126b_linux6.1_sdk_v1.1.0/buildroot/output/rockchip_rv1126b/host/lib/gcc/aarch64-buildroot-linux-gnu/13.3.0 -L/home/talowe/rv1126b/rv1126b_linux6.1_sdk_v1.1.0/buildroot/output/rockchip_rv1126b/host/lib/gcc/aarch64-buildroot-linux-gnu/13.3.0/../../../../aarch64-buildroot-linux-gnu/lib/../lib64 -L/home/talowe/rv1126b/rv1126b_linux6.1_sdk_v1.1.0/buildroot/output/rockchip_rv1126b/host/aarch64-buildroot-linux-gnu/sysroot/lib/../lib64 -L/home/talowe/rv1126b/rv1126b_linux6.1_sdk_v1.1.0/buildroot/output/rockchip_rv1126b/host/aarch64-buildroot-linux-gnu/sysroot/usr/lib/../lib64 -L/home/talowe/rv1126b/rv1126b_linux6.1_sdk_v1.1.0/buildroot/output/rockchip_rv1126b/host/lib/gcc/aarch64-buildroot-linux-gnu/13.3.0/../../../../aarch64-buildroot-linux-gnu/lib -L/home/talowe/rv1126b/rv1126b_linux6.1_sdk_v1.1.0/buildroot/output/rockchip_rv1126b/host/aarch64-buildroot-linux-gnu/sysroot/lib -L/home/talowe/rv1126b/rv1126b_linux6.1_sdk_v1.1.0/buildroot/output/rockchip_rv1126b/host/aarch64-buildroot-linux-gnu/sysroot/usr/lib -z max-page-size=4096 -z common-page-size=4096 -z now -z relro CMakeFiles/cmTC_f0b0d.dir/CMakeCCompilerABI.c.o -lgcc --push-state --as-needed -lgcc_s --pop-state -lc -lgcc --push-state --as-needed -lgcc_s --pop-state /home/talowe/rv1126b/rv1126b_linux6.1_sdk_v1.1.0/buildroot/output/rockchip_rv1126b/host/lib/gcc/aarch64-buildroot-linux-gnu/13.3.0/crtendS.o /home/talowe/rv1126b/rv1126b_linux6.1_sdk_v1.1.0/buildroot/output/rockchip_rv1126b/host/aarch64-buildroot-linux-gnu/sysroot/lib/../lib64/crtn.o
COLLECT_GCC_OPTIONS='--sysroot=/home/talowe/rv1126b/rv1126b_linux6.1_sdk_v1.1.0/buildroot/output/rockchip_rv1126b/host/aarch64-buildroot-linux-gnu/sysroot' '-fstack-protector-strong' '-fPIE' '-pie' '-v' '-o' 'cmTC_f0b0d' '-mcpu=cortex-a53' '-mlittle-endian' '-mabi=lp64' '-dumpdir' 'cmTC_f0b0d.'
gmake[1]: Leaving directory '/home/talowe/rv1126b_aidemo/yolo26_cam/cpp/build/build_rknn_yolo26_cam_rv1126b_linux_aarch64_Release/CMakeFiles/CMakeTmp'



Parsed C implicit include dir info from above output: rv=done
  found start of include info
  found start of implicit include info
    add: [/home/talowe/rv1126b/rv1126b_linux6.1_sdk_v1.1.0/buildroot/output/rockchip_rv1126b/host/lib/gcc/aarch64-buildroot-linux-gnu/13.3.0/include]
    add: [/home/talowe/rv1126b/rv1126b_linux6.1_sdk_v1.1.0/buildroot/output/rockchip_rv1126b/host/lib/gcc/aarch64-buildroot-linux-gnu/13.3.0/include-fixed]
    add: [/home/talowe/rv1126b/rv1126b_linux6.1_sdk_v1.1.0/buildroot/output/rockchip_rv1126b/host/lib/gcc/aarch64-buildroot-linux-gnu/13.3.0/../../../../aarch64-buildroot-linux-gnu/include]
    add: [/home/talowe/rv1126b/rv1126b_linux6.1_sdk_v1.1.0/buildroot/output/rockchip_rv1126b/host/aarch64-buildroot-linux-gnu/sysroot/usr/include]
  end of search list found
  collapse include dir [/home/talowe/rv1126b/rv1126b_linux6.1_sdk_v1.1.0/buildroot/output/rockchip_rv1126b/host/lib/gcc/aarch64-buildroot-linux-gnu/13.3.0/include] ==> [/home/talowe/rv1126b/rv1126b_linux6.1_sdk_v1.1.0/buildroot/output/rockchip_rv1126b/host/lib/gcc/aarch64-buildroot-linux-gnu/13.3.0/include]
  collapse include dir [/home/talowe/rv1126b/rv1126b_linux6.1_sdk_v1.1.0/buildroot/output/rockchip_rv1126b/host/lib/gcc/aarch64-buildroot-linux-gnu/13.3.0/include-fixed] ==> [/home/talowe/rv1126b/rv1126b_linux6.1_sdk_v1.1.0/buildroot/output/rockchip_rv1126b/host/lib/gcc/aarch64-buildroot-linux-gnu/13.3.0/include-fixed]
  collapse include dir [/home/talowe/rv1126b/rv1126b_linux6.1_sdk_v1.1.0/buildroot/output/rockchip_rv1126b/host/lib/gcc/aarch64-buildroot-linux-gnu/13.3.0/../../../../aarch64-buildroot-linux-gnu/include] ==> [/home/talowe/rv1126b/rv1126b_linux6.1_sdk_v1.1.0/buildroot/output/rockchip_rv1126b/host/aarch64-buildroot-linux-gnu/include]
  collapse include dir [/home/talowe/rv1126b/rv1126b_linux6.1_sdk_v1.1.0/buildroot/output/rockchip_rv1126b/host/aarch64-buildroot-linux-gnu/sysroot/usr/include] ==> [/home/talowe/rv1126b/rv1126b_linux6.1_sdk_v1.1.0/buildroot/output/rockchip_rv1126b/host/aarch64-buildroot-linux-gnu/sysroot/usr/include]
  implicit include dirs: [/home/talowe/rv1126b/rv1126b_linux6.1_sdk_v1.1.0/buildroot/output/rockchip_rv1126b/host/lib/gcc/aarch64-buildroot-linux-gnu/13.3.0/include;/home/talowe/rv1126b/rv1126b_linux6.1_sdk_v1.1.0/buildroot/output/rockchip_rv1126b/host/lib/gcc/aarch64-buildroot-linux-gnu/13.3.0/include-fixed;/home/talowe/rv1126b/rv1126b_linux6.1_sdk_v1.1.0/buildroot/output/rockchip_rv1126b/host/aarch64-buildroot-linux-gnu/include;/home/talowe/rv1126b/rv1126b_linux6.1_sdk_v1.1.0/buildroot/output/rockchip_rv1126b/host/aarch64-buildroot-linux-gnu/sysroot/usr/include]


Parsed C implicit link information from above output:
  link line regex: [^( *|.*[/\])(aarch64-buildroot-linux-gnu-ld|CMAKE_LINK_STARTFILE-NOTFOUND|([^/\]+-)?ld|collect2)[^/\]*( |$)]
  ignore line: [Change Dir: /home/talowe/rv1126b_aidemo/yolo26_cam/cpp/build/build_rknn_yolo26_cam_rv1126b_linux_aarch64_Release/CMakeFiles/CMakeTmp]
  ignore line: []
  ignore line: [Run Build Command(s):/usr/bin/gmake -f Makefile cmTC_f0b0d/fast && /usr/bin/gmake  -f CMakeFiles/cmTC_f0b0d.dir/build.make CMakeFiles/cmTC_f0b0d.dir/build]
  ignore line: [gmake[1]: Entering directory '/home/talowe/rv1126b_aidemo/yolo26_cam/cpp/build/build_rknn_yolo26_cam_rv1126b_linux_aarch64_Release/CMakeFiles/CMakeTmp']
  ignore line: [Building C object CMakeFiles/cmTC_f0b0d.dir/CMakeCCompilerABI.c.o]
  ignore line: [/home/talowe/rv1126b/rv1126b_linux6.1_sdk_v1.1.0/buildroot/output/rockchip_rv1126b/host/bin/aarch64-buildroot-linux-gnu-gcc   -v -o CMakeFiles/cmTC_f0b0d.dir/CMakeCCompilerABI.c.o -c /usr/share/cmake-3.22/Modules/CMakeCCompilerABI.c]
  ignore line: [Using built-in specs.]
  ignore line: [COLLECT_GCC=/home/talowe/rv1126b/rv1126b_linux6.1_sdk_v1.1.0/buildroot/output/rockchip_rv1126b/host/bin/aarch64-buildroot-linux-gnu-gcc.br_real]
  ignore line: [Target: aarch64-buildroot-linux-gnu]
  ignore line: [Configured with: ./configure --prefix=/home/talowe/rv1126b/rv1126b_linux6.1_sdk_v1.1.0/buildroot/output/rockchip_rv1126b/host --sysconfdir=/home/talowe/rv1126b/rv1126b_linux6.1_sdk_v1.1.0/buildroot/output/rockchip_rv1126b/host/etc --enable-static --target=aarch64-buildroot-linux-gnu --with-sysroot=/home/talowe/rv1126b/rv1126b_linux6.1_sdk_v1.1.0/buildroot/output/rockchip_rv1126b/host/aarch64-buildroot-linux-gnu/sysroot --enable-__cxa_atexit --with-gnu-ld --disable-libssp --disable-multilib --disable-decimal-float --enable-plugins --enable-lto --with-gmp=/home/talowe/rv1126b/rv1126b_linux6.1_sdk_v1.1.0/buildroot/output/rockchip_rv1126b/host --with-mpc=/home/talowe/rv1126b/rv1126b_linux6.1_sdk_v1.1.0/buildroot/output/rockchip_rv1126b/host --with-mpfr=/home/talowe/rv1126b/rv1126b_linux6.1_sdk_v1.1.0/buildroot/output/rockchip_rv1126b/host --with-pkgversion='Buildroot 2024.02' --with-bugurl=https://gitlab.com/buildroot.org/buildroot/-/issues --without-zstd --disable-libquadmath --disable-libquadmath-support --enable-tls --enable-threads --without-isl --without-cloog --with-abi=lp64 --with-cpu=cortex-a53 --enable-languages=c,c++ --with-build-time-tools=/home/talowe/rv1126b/rv1126b_linux6.1_sdk_v1.1.0/buildroot/output/rockchip_rv1126b/host/aarch64-buildroot-linux-gnu/bin --enable-shared --disable-libgomp]
  ignore line: [Thread model: posix]
  ignore line: [Supported LTO compression algorithms: zlib]
  ignore line: [gcc version 13.3.0 (Buildroot 2024.02) ]
  ignore line: [COLLECT_GCC_OPTIONS='--sysroot=/home/talowe/rv1126b/rv1126b_linux6.1_sdk_v1.1.0/buildroot/output/rockchip_rv1126b/host/aarch64-buildroot-linux-gnu/sysroot' '-fstack-protector-strong' '-fPIE' '-pie' '-v' '-o' 'CMakeFiles/cmTC_f0b0d.dir/CMakeCCompilerABI.c.o' '-c' '-mcpu=cortex-a53' '-mlittle-endian' '-mabi=lp64' '-dumpdir' 'CMakeFiles/cmTC_f0b0d.dir/']
  ignore line: [ /home/talowe/rv1126b/rv1126b_linux6.1_sdk_v1.1.0/buildroot/output/rockchip_rv1126b/host/libexec/gcc/aarch64-buildroot-linux-gnu/13.3.0/cc1 -quiet -v -isysroot /home/talowe/rv1126b/rv1126b_linux6.1_sdk_v1.1.0/buildroot/output/rockchip_rv1126b/host/aarch64-buildroot-linux-gnu/sysroot /usr/share/cmake-3.22/Modules/CMakeCCompilerABI.c -quiet -dumpdir CMakeFiles/cmTC_f0b0d.dir/ -dumpbase CMakeCCompilerABI.c.c -dumpbase-ext .c -mcpu=cortex-a53 -mlittle-endian -mabi=lp64 -version -fstack-protector-strong -fPIE -o /tmp/ccnNLvju.s]
  ignore line: [GNU C17 (Buildroot 2024.02) version 13.3.0 (aarch64-buildroot-linux-gnu)]
  ignore line: [	compiled by GNU C version 11.4.0  GMP version 6.3.0  MPFR version 4.1.1  MPC version 1.2.1  isl version none]
  ignore line: [GGC heuristics: --param ggc-min-expand=100 --param ggc-min-heapsize=131072]
  ignore line: [ignoring nonexistent directory "/home/talowe/rv1126b/rv1126b_linux6.1_sdk_v1.1.0/buildroot/output/rockchip_rv1126b/host/aarch64-buildroot-linux-gnu/sysroot/usr/local/include"]
  ignore line: [#include "..." search starts here:]
  ignore line: [#include <...> search starts here:]
  ignore line: [ /home/talowe/rv1126b/rv1126b_linux6.1_sdk_v1.1.0/buildroot/output/rockchip_rv1126b/host/lib/gcc/aarch64-buildroot-linux-gnu/13.3.0/include]
  ignore line: [ /home/talowe/rv1126b/rv1126b_linux6.1_sdk_v1.1.0/buildroot/output/rockchip_rv1126b/host/lib/gcc/aarch64-buildroot-linux-gnu/13.3.0/include-fixed]
  ignore line: [ /home/talowe/rv1126b/rv1126b_linux6.1_sdk_v1.1.0/buildroot/output/rockchip_rv1126b/host/lib/gcc/aarch64-buildroot-linux-gnu/13.3.0/../../../../aarch64-buildroot-linux-gnu/include]
  ignore line: [ /home/talowe/rv1126b/rv1126b_linux6.1_sdk_v1.1.0/buildroot/output/rockchip_rv1126b/host/aarch64-buildroot-linux-gnu/sysroot/usr/include]
  ignore line: [End of search list.]
  ignore line: [Compiler executable checksum: d0cd1ac898f4833cccb9840a2eb8c9f4]
  ignore line: [COLLECT_GCC_OPTIONS='--sysroot=/home/talowe/rv1126b/rv1126b_linux6.1_sdk_v1.1.0/buildroot/output/rockchip_rv1126b/host/aarch64-buildroot-linux-gnu/sysroot' '-fstack-protector-strong' '-fPIE' '-pie' '-v' '-o' 'CMakeFiles/cmTC_f0b0d.dir/CMakeCCompilerABI.c.o' '-c' '-mcpu=cortex-a53' '-mlittle-endian' '-mabi=lp64' '-dumpdir' 'CMakeFiles/cmTC_f0b0d.dir/']
  ignore line: [ /home/talowe/rv1126b/rv1126b_linux6.1_sdk_v1.1.0/buildroot/output/rockchip_rv1126b/host/lib/gcc/aarch64-buildroot-linux-gnu/13.3.0/../../../../aarch64-buildroot-linux-gnu/bin/as -v -EL -march=armv8-a+crc -mabi=lp64 -o CMakeFiles/cmTC_f0b0d.dir/CMakeCCompilerABI.c.o /tmp/ccnNLvju.s]
  ignore line: [GNU assembler version 2.40 (aarch64-buildroot-linux-gnu) using BFD version (GNU Binutils) 2.40]
  ignore line: [COMPILER_PATH=/home/talowe/rv1126b/rv1126b_linux6.1_sdk_v1.1.0/buildroot/output/rockchip_rv1126b/host/libexec/gcc/aarch64-buildroot-linux-gnu/13.3.0/:/home/talowe/rv1126b/rv1126b_linux6.1_sdk_v1.1.0/buildroot/output/rockchip_rv1126b/host/libexec/gcc/aarch64-buildroot-linux-gnu/13.3.0/:/home/talowe/rv1126b/rv1126b_linux6.1_sdk_v1.1.0/buildroot/output/rockchip_rv1126b/host/libexec/gcc/aarch64-buildroot-linux-gnu/:/home/talowe/rv1126b/rv1126b_linux6.1_sdk_v1.1.0/buildroot/output/rockchip_rv1126b/host/lib/gcc/aarch64-buildroot-linux-gnu/13.3.0/:/home/talowe/rv1126b/rv1126b_linux6.1_sdk_v1.1.0/buildroot/output/rockchip_rv1126b/host/lib/gcc/aarch64-buildroot-linux-gnu/:/home/talowe/rv1126b/rv1126b_linux6.1_sdk_v1.1.0/buildroot/output/rockchip_rv1126b/host/lib/gcc/aarch64-buildroot-linux-gnu/13.3.0/../../../../aarch64-buildroot-linux-gnu/bin/]
  ignore line: [LIBRARY_PATH=/home/talowe/rv1126b/rv1126b_linux6.1_sdk_v1.1.0/buildroot/output/rockchip_rv1126b/host/lib/gcc/aarch64-buildroot-linux-gnu/13.3.0/:/home/talowe/rv1126b/rv1126b_linux6.1_sdk_v1.1.0/buildroot/output/rockchip_rv1126b/host/lib/gcc/aarch64-buildroot-linux-gnu/13.3.0/../../../../aarch64-buildroot-linux-gnu/lib/../lib64/:/home/talowe/rv1126b/rv1126b_linux6.1_sdk_v1.1.0/buildroot/output/rockchip_rv1126b/host/aarch64-buildroot-linux-gnu/sysroot/lib/../lib64/:/home/talowe/rv1126b/rv1126b_linux6.1_sdk_v1.1.0/buildroot/output/rockchip_rv1126b/host/aarch64-buildroot-linux-gnu/sysroot/usr/lib/../lib64/:/home/talowe/rv1126b/rv1126b_linux6.1_sdk_v1.1.0/buildroot/output/rockchip_rv1126b/host/lib/gcc/aarch64-buildroot-linux-gnu/13.3.0/../../../../aarch64-buildroot-linux-gnu/lib/:/home/talowe/rv1126b/rv1126b_linux6.1_sdk_v1.1.0/buildroot/output/rockchip_rv1126b/host/aarch64-buildroot-linux-gnu/sysroot/lib/:/home/talowe/rv1126b/rv1126b_linux6.1_sdk_v1.1.0/buildroot/output/rockchip_rv1126b/host/aarch64-buildroot-linux-gnu/sysroot/usr/lib/]
  ignore line: [COLLECT_GCC_OPTIONS='--sysroot=/home/talowe/rv1126b/rv1126b_linux6.1_sdk_v1.1.0/buildroot/output/rockchip_rv1126b/host/aarch64-buildroot-linux-gnu/sysroot' '-fstack-protector-strong' '-fPIE' '-pie' '-v' '-o' 'CMakeFiles/cmTC_f0b0d.dir/CMakeCCompilerABI.c.o' '-c' '-mcpu=cortex-a53' '-mlittle-endian' '-mabi=lp64' '-dumpdir' 'CMakeFiles/cmTC_f0b0d.dir/CMakeCCompilerABI.c.']
  ignore line: [Linking C executable cmTC_f0b0d]
  ignore line: [/usr/bin/cmake -E cmake_link_script CMakeFiles/cmTC_f0b0d.dir/link.txt --verbose=1]
  ignore line: [/home/talowe/rv1126b/rv1126b_linux6.1_sdk_v1.1.0/buildroot/output/rockchip_rv1126b/host/bin/aarch64-buildroot-linux-gnu-gcc  -v CMakeFiles/cmTC_f0b0d.dir/CMakeCCompilerABI.c.o -o cmTC_f0b0d ]
  ignore line: [Using built-in specs.]
  ignore line: [COLLECT_GCC=/home/talowe/rv1126b/rv1126b_linux6.1_sdk_v1.1.0/buildroot/output/rockchip_rv1126b/host/bin/aarch64-buildroot-linux-gnu-gcc.br_real]
  ignore line: [COLLECT_LTO_WRAPPER=/home/talowe/rv1126b/rv1126b_linux6.1_sdk_v1.1.0/buildroot/output/rockchip_rv1126b/host/libexec/gcc/aarch64-buildroot-linux-gnu/13.3.0/lto-wrapper]
  ignore line: [Target: aarch64-buildroot-linux-gnu]
  ignore line: [Configured with: ./configure --prefix=/home/talowe/rv1126b/rv1126b_linux6.1_sdk_v1.1.0/buildroot/output/rockchip_rv1126b/host --sysconfdir=/home/talowe/rv1126b/rv1126b_linux6.1_sdk_v1.1.0/buildroot/output/rockchip_rv1126b/host/etc --enable-static --target=aarch64-buildroot-linux-gnu --with-sysroot=/home/talowe/rv1126b/rv1126b_linux6.1_sdk_v1.1.0/buildroot/output/rockchip_rv1126b/host/aarch64-buildroot-linux-gnu/sysroot --enable-__cxa_atexit --with-gnu-ld --disable-libssp --disable-multilib --disable-decimal-float --enable-plugins --enable-lto --with-gmp=/home/talowe/rv1126b/rv1126b_linux6.1_sdk_v1.1.0/buildroot/output/rockchip_rv1126b/host --with-mpc=/home/talowe/rv1126b/rv1126b_linux6.1_sdk_v1.1.0/buildroot/output/rockchip_rv1126b/host --with-mpfr=/home/talowe/rv1126b/rv1126b_linux6.1_sdk_v1.1.0/buildroot/output/rockchip_rv1126b/host --with-pkgversion='Buildroot 2024.02' --with-bugurl=https://gitlab.com/buildroot.org/buildroot/-/issues --without-zstd --disable-libquadmath --disable-libquadmath-support --enable-tls --enable-threads --without-isl --without-cloog --with-abi=lp64 --with-cpu=cortex-a53 --enable-languages=c,c++ --with-build-time-tools=/home/talowe/rv1126b/rv1126b_linux6.1_sdk_v1.1.0/buildroot/output/rockchip_rv1126b/host/aarch64-buildroot-linux-gnu/bin --enable-shared --disable-libgomp]
  ignore line: [Thread model: posix]
  ignore line: [Supported LTO compression algorithms: zlib]
  ignore line: [gcc version 13.3.0 (Buildroot 2024.02) ]
  ignore line: [COMPILER_PATH=/home/talowe/rv1126b/rv1126b_linux6.1_sdk_v1.1.0/buildroot/output/rockchip_rv1126b/host/libexec/gcc/aarch64-buildroot-linux-gnu/13.3.0/:/home/talowe/rv1126b/rv1126b_linux6.1_sdk_v1.1.0/buildroot/output/rockchip_rv1126b/host/libexec/gcc/aarch64-buildroot-linux-gnu/13.3.0/:/home/talowe/rv1126b/rv1126b_linux6.1_sdk_v1.1.0/buildroot/output/rockchip_rv1126b/host/libexec/gcc/aarch64-buildroot-linux-gnu/:/home/talowe/rv1126b/rv1126b_linux6.1_sdk_v1.1.0/buildroot/output/rockchip_rv1126b/host/lib/gcc/aarch64-buildroot-linux-gnu/13.3.0/:/home/talowe/rv1126b/rv1126b_linux6.1_sdk_v1.1.0/buildroot/output/rockchip_rv1126b/host/lib/gcc/aarch64-buildroot-linux-gnu/:/home/talowe/rv1126b/rv1126b_linux6.1_sdk_v1.1.0/buildroot/output/rockchip_rv1126b/host/lib/gcc/aarch64-buildroot-linux-gnu/13.3.0/../../../../aarch64-buildroot-linux-gnu/bin/]
  ignore line: [LIBRARY_PATH=/home/talowe/rv1126b/rv1126b_linux6.1_sdk_v1.1.0/buildroot/output/rockchip_rv1126b/host/lib/gcc/aarch64-buildroot-linux-gnu/13.3.0/:/home/talowe/rv1126b/rv1126b_linux6.1_sdk_v1.1.0/buildroot/output/rockchip_rv1126b/host/lib/gcc/aarch64-buildroot-linux-gnu/13.3.0/../../../../aarch64-buildroot-linux-gnu/lib/../lib64/:/home/talowe/rv1126b/rv1126b_linux6.1_sdk_v1.1.0/buildroot/output/rockchip_rv1126b/host/aarch64-buildroot-linux-gnu/sysroot/lib/../lib64/:/home/talowe/rv1126b/rv1126b_linux6.1_sdk_v1.1.0/buildroot/output/rockchip_rv1126b/host/aarch64-buildroot-linux-gnu/sysroot/usr/lib/../lib64/:/home/talowe/rv1126b/rv1126b_linux6.1_sdk_v1.1.0/buildroot/output/rockchip_rv1126b/host/lib/gcc/aarch64-buildroot-linux-gnu/13.3.0/../../../../aarch64-buildroot-linux-gnu/lib/:/home/talowe/rv1126b/rv1126b_linux6.1_sdk_v1.1.0/buildroot/output/rockchip_rv1126b/host/aarch64-buildroot-linux-gnu/sysroot/lib/:/home/talowe/rv1126b/rv1126b_linux6.1_sdk_v1.1.0/buildroot/output/rockchip_rv1126b/host/aarch64-buildroot-linux-gnu/sysroot/usr/lib/]
  ignore line: [COLLECT_GCC_OPTIONS='--sysroot=/home/talowe/rv1126b/rv1126b_linux6.1_sdk_v1.1.0/buildroot/output/rockchip_rv1126b/host/aarch64-buildroot-linux-gnu/sysroot' '-fstack-protector-strong' '-fPIE' '-pie' '-v' '-o' 'cmTC_f0b0d' '-mcpu=cortex-a53' '-mlittle-endian' '-mabi=lp64' '-dumpdir' 'cmTC_f0b0d.']
  link line: [ /home/talowe/rv1126b/rv1126b_linux6.1_sdk_v1.1.0/buildroot/output/rockchip_rv1126b/host/libexec/gcc/aarch64-buildroot-linux-gnu/13.3.0/collect2 -plugin /home/talowe/rv1126b/rv1126b_linux6.1_sdk_v1.1.0/buildroot/output/rockchip_rv1126b/host/libexec/gcc/aarch64-buildroot-linux-gnu/13.3.0/liblto_plugin.so -plugin-opt=/home/talowe/rv1126b/rv1126b_linux6.1_sdk_v1.1.0/buildroot/output/rockchip_rv1126b/host/libexec/gcc/aarch64-buildroot-linux-gnu/13.3.0/lto-wrapper -plugin-opt=-fresolution=/tmp/ccmJBDl1.res -plugin-opt=-pass-through=-lgcc -plugin-opt=-pass-through=-lgcc_s -plugin-opt=-pass-through=-lc -plugin-opt=-pass-through=-lgcc -plugin-opt=-pass-through=-lgcc_s --sysroot=/home/talowe/rv1126b/rv1126b_linux6.1_sdk_v1.1.0/buildroot/output/rockchip_rv1126b/host/aarch64-buildroot-linux-gnu/sysroot --eh-frame-hdr -dynamic-linker /lib/ld-linux-aarch64.so.1 -X -EL -maarch64linux -pie -o cmTC_f0b0d /home/talowe/rv1126b/rv1126b_linux6.1_sdk_v1.1.0/buildroot/output/rockchip_rv1126b/host/aarch64-buildroot-linux-gnu/sysroot/lib/../lib64/Scrt1.o /home/talowe/rv1126b/rv1126b_linux6.1_sdk_v1.1.0/buildroot/output/rockchip_rv1126b/host/aarch64-buildroot-linux-gnu/sysroot/lib/../lib64/crti.o /home/talowe/rv1126b/rv1126b_linux6.1_sdk_v1.1.0/buildroot/output/rockchip_rv1126b/host/lib/gcc/aarch64-buildroot-linux-gnu/13.3.0/crtbeginS.o -L/home/talowe/rv1126b/rv1126b_linux6.1_sdk_v1.1.0/buildroot/output/rockchip_rv1126b/host/lib/gcc/aarch64-buildroot-linux-gnu/13.3.0 -L/home/talowe/rv1126b/rv1126b_linux6.1_sdk_v1.1.0/buildroot/output/rockchip_rv1126b/host/lib/gcc/aarch64-buildroot-linux-gnu/13.3.0/../../../../aarch64-buildroot-linux-gnu/lib/../lib64 -L/home/talowe/rv1126b/rv1126b_linux6.1_sdk_v1.1.0/buildroot/output/rockchip_rv1126b/host/aarch64-buildroot-linux-gnu/sysroot/lib/../lib64 -L/home/talowe/rv1126b/rv1126b_linux6.1_sdk_v1.1.0/buildroot/output/rockchip_rv1126b/host/aarch64-buildroot-linux-gnu/sysroot/usr/lib/../lib64 -L/home/talowe/rv1126b/rv1126b_linux6.1_sdk_v1.1.0/buildroot/output/rockchip_rv1126b/host/lib/gcc/aarch64-buildroot-linux-gnu/13.3.0/../../../../aarch64-buildroot-linux-gnu/lib -L/home/talowe/rv1126b/rv1126b_linux6.1_sdk_v1.1.0/buildroot/output/rockchip_rv1126b/host/aarch64-buildroot-linux-gnu/sysroot/lib -L/home/talowe/rv1126b/rv1126b_linux6.1_sdk_v1.1.0/buildroot/output/rockchip_rv1126b/host/aarch64-buildroot-linux-gnu/sysroot/usr/lib -z max-page-size=4096 -z common-page-size=4096 -z now -z relro CMakeFiles/cmTC_f0b0d.dir/CMakeCCompilerABI.c.o -lgcc --push-state --as-needed -lgcc_s --pop-state -lc -lgcc --push-state --as-needed -lgcc_s --pop-state /home/talowe/rv1126b/rv1126b_linux6.1_sdk_v1.1.0/buildroot/output/rockchip_rv1126b/host/lib/gcc/aarch64-buildroot-linux-gnu/13.3.0/crtendS.o /home/talowe/rv1126b/rv1126b_linux6.1_sdk_v1.1.0/buildroot/output/rockchip_rv1126b/host/aarch64-buildroot-linux-gnu/sysroot/lib/../lib64/crtn.o]
    arg [/home/talowe/rv1126b/rv1126b_linux6.1_sdk_v1.1.0/buildroot/output/rockchip_rv1126b/host/libexec/gcc/aarch64-buildroot-linux-gnu/13.3.0/collect2] ==> ignore
    arg [-plugin] ==> ignore
    arg [/home/talowe/rv1126b/rv1126b_linux6.1_sdk_v1.1.0/buildroot/output/rockchip_rv1126b/host/libexec/gcc/aarch64-buildroot-linux-gnu/13.3.0/liblto_plugin.so] ==> ignore
    arg [-plugin-opt=/home/talowe/rv1126b/rv1126b_linux6.1_sdk_v1.1.0/buildroot/output/rockchip_rv1126b/host/libexec/gcc/aarch64-buildroot-linux-gnu/13.3.0/lto-wrapper] ==> ignore
    arg [-plugin-opt=-fresolution=/tmp/ccmJBDl1.res] ==> ignore
    arg [-plugin-opt=-pass-through=-lgcc] ==> ignore
    arg [-plugin-opt=-pass-through=-lgcc_s] ==> ignore
    arg [-plugin-opt=-pass-through=-lc] ==> ignore
    arg [-plugin-opt=-pass-through=-lgcc] ==> ignore
    arg [-plugin-opt=-pass-through=-lgcc_s] ==> ignore
    arg [--sysroot=/home/talowe/rv1126b/rv1126b_linux6.1_sdk_v1.1.0/buildroot/output/rockchip_rv1126b/host/aarch64-buildroot-linux-gnu/sysroot] ==> ignore
    arg [--eh-frame-hdr] ==> ignore
    arg [-dynamic-linker] ==> ignore
    arg [/lib/ld-linux-aarch64.so.1] ==> ignore
    arg [-X] ==> ignore
    arg [-EL] ==> ignore
    arg [-maarch64linux] ==> ignore
    arg [-pie] ==> ignore
    arg [-o] ==> ignore
    arg [cmTC_f0b0d] ==> ignore
    arg [/home/talowe/rv1126b/rv1126b_linux6.1_sdk_v1.1.0/buildroot/output/rockchip_rv1126b/host/aarch64-buildroot-linux-gnu/sysroot/lib/../lib64/Scrt1.o] ==> obj [/home/talowe/rv1126b/rv1126b_linux6.1_sdk_v1.1.0/buildroot/output/rockchip_rv1126b/host/aarch64-buildroot-linux-gnu/sysroot/lib/../lib64/Scrt1.o]
    arg [/home/talowe/rv1126b/rv1126b_linux6.1_sdk_v1.1.0/buildroot/output/rockchip_rv1126b/host/aarch64-buildroot-linux-gnu/sysroot/lib/../lib64/crti.o] ==> obj [/home/talowe/rv1126b/rv1126b_linux6.1_sdk_v1.1.0/buildroot/output/rockchip_rv1126b/host/aarch64-buildroot-linux-gnu/sysroot/lib/../lib64/crti.o]
    arg [/home/talowe/rv1126b/rv1126b_linux6.1_sdk_v1.1.0/buildroot/output/rockchip_rv1126b/host/lib/gcc/aarch64-buildroot-linux-gnu/13.3.0/crtbeginS.o] ==> obj [/home/talowe/rv1126b/rv1126b_linux6.1_sdk_v1.1.0/buildroot/output/rockchip_rv1126b/host/lib/gcc/aarch64-buildroot-linux-gnu/13.3.0/crtbeginS.o]
    arg [-L/home/talowe/rv1126b/rv1126b_linux6.1_sdk_v1.1.0/buildroot/output/rockchip_rv1126b/host/lib/gcc/aarch64-buildroot-linux-gnu/13.3.0] ==> dir [/home/talowe/rv1126b/rv1126b_linux6.1_sdk_v1.1.0/buildroot/output/rockchip_rv1126b/host/lib/gcc/aarch64-buildroot-linux-gnu/13.3.0]
    arg [-L/home/talowe/rv1126b/rv1126b_linux6.1_sdk_v1.1.0/buildroot/output/rockchip_rv1126b/host/lib/gcc/aarch64-buildroot-linux-gnu/13.3.0/../../../../aarch64-buildroot-linux-gnu/lib/../lib64] ==> dir [/home/talowe/rv1126b/rv1126b_linux6.1_sdk_v1.1.0/buildroot/output/rockchip_rv1126b/host/lib/gcc/aarch64-buildroot-linux-gnu/13.3.0/../../../../aarch64-buildroot-linux-gnu/lib/../lib64]
    arg [-L/home/talowe/rv1126b/rv1126b_linux6.1_sdk_v1.1.0/buildroot/output/rockchip_rv1126b/host/aarch64-buildroot-linux-gnu/sysroot/lib/../lib64] ==> dir [/home/talowe/rv1126b/rv1126b_linux6.1_sdk_v1.1.0/buildroot/output/rockchip_rv1126b/host/aarch64-buildroot-linux-gnu/sysroot/lib/../lib64]
    arg [-L/home/talowe/rv1126b/rv1126b_linux6.1_sdk_v1.1.0/buildroot/output/rockchip_rv1126b/host/aarch64-buildroot-linux-gnu/sysroot/usr/lib/../lib64] ==> dir [/home/talowe/rv1126b/rv1126b_linux6.1_sdk_v1.1.0/buildroot/output/rockchip_rv1126b/host/aarch64-buildroot-linux-gnu/sysroot/usr/lib/../lib64]
    arg [-L/home/talowe/rv1126b/rv1126b_linux6.1_sdk_v1.1.0/buildroot/output/rockchip_rv1126b/host/lib/gcc/aarch64-buildroot-linux-gnu/13.3.0/../../../../aarch64-buildroot-linux-gnu/lib] ==> dir [/home/talowe/rv1126b/rv1126b_linux6.1_sdk_v1.1.0/buildroot/output/rockchip_rv1126b/host/lib/gcc/aarch64-buildroot-linux-gnu/13.3.0/../../../../aarch64-buildroot-linux-gnu/lib]
    arg [-L/home/talowe/rv1126b/rv1126b_linux6.1_sdk_v1.1.0/buildroot/output/rockchip_rv1126b/host/aarch64-buildroot-linux-gnu/sysroot/lib] ==> dir [/home/talowe/rv1126b/rv1126b_linux6.1_sdk_v1.1.0/buildroot/output/rockchip_rv1126b/host/aarch64-buildroot-linux-gnu/sysroot/lib]
    arg [-L/home/talowe/rv1126b/rv1126b_linux6.1_sdk_v1.1.0/buildroot/output/rockchip_rv1126b/host/aarch64-buildroot-linux-gnu/sysroot/usr/lib] ==> dir [/home/talowe/rv1126b/rv1126b_linux6.1_sdk_v1.1.0/buildroot/output/rockchip_rv1126b/host/aarch64-buildroot-linux-gnu/sysroot/usr/lib]
    arg [-zmax-page-size=4096] ==> ignore
    arg [-zcommon-page-size=4096] ==> ignore
    arg [-znow] ==> ignore
    arg [-zrelro] ==> ignore
    arg [CMakeFiles/cmTC_f0b0d.dir/CMakeCCompilerABI.c.o] ==> ignore
    arg [-lgcc] ==> lib [gcc]
    arg [--push-state] ==> ignore
    arg [--as-needed] ==> ignore
    arg [-lgcc_s] ==> lib [gcc_s]
    arg [--pop-state] ==> ignore
    arg [-lc] ==> lib [c]
    arg [-lgcc] ==> lib [gcc]
    arg [--push-state] ==> ignore
    arg [--as-needed] ==> ignore
    arg [-lgcc_s] ==> lib [gcc_s]
    arg [--pop-state] ==> ignore
    arg [/home/talowe/rv1126b/rv1126b_linux6.1_sdk_v1.1.0/buildroot/output/rockchip_rv1126b/host/lib/gcc/aarch64-buildroot-linux-gnu/13.3.0/crtendS.o] ==> obj [/home/talowe/rv1126b/rv1126b_linux6.1_sdk_v1.1.0/buildroot/output/rockchip_rv1126b/host/lib/gcc/aarch64-buildroot-linux-gnu/13.3.0/crtendS.o]
    arg [/home/talowe/rv1126b/rv1126b_linux6.1_sdk_v1.1.0/buildroot/output/rockchip_rv1126b/host/aarch64-buildroot-linux-gnu/sysroot/lib/../lib64/crtn.o] ==> obj [/home/talowe/rv1126b/rv1126b_linux6.1_sdk_v1.1.0/buildroot/output/rockchip_rv1126b/host/aarch64-buildroot-linux-gnu/sysroot/lib/../lib64/crtn.o]
  collapse obj [/home/talowe/rv1126b/rv1126b_linux6.1_sdk_v1.1.0/buildroot/output/rockchip_rv1126b/host/aarch64-buildroot-linux-gnu/sysroot/lib/../lib64/Scrt1.o] ==> [/home/talowe/rv1126b/rv1126b_linux6.1_sdk_v1.1.0/buildroot/output/rockchip_rv1126b/host/aarch64-buildroot-linux-gnu/sysroot/lib64/Scrt1.o]
  collapse obj [/home/talowe/rv1126b/rv1126b_linux6.1_sdk_v1.1.0/buildroot/output/rockchip_rv1126b/host/aarch64-buildroot-linux-gnu/sysroot/lib/../lib64/crti.o] ==> [/home/talowe/rv1126b/rv1126b_linux6.1_sdk_v1.1.0/buildroot/output/rockchip_rv1126b/host/aarch64-buildroot-linux-gnu/sysroot/lib64/crti.o]
  collapse obj [/home/talowe/rv1126b/rv1126b_linux6.1_sdk_v1.1.0/buildroot/output/rockchip_rv1126b/host/aarch64-buildroot-linux-gnu/sysroot/lib/../lib64/crtn.o] ==> [/home/talowe/rv1126b/rv1126b_linux6.1_sdk_v1.1.0/buildroot/output/rockchip_rv1126b/host/aarch64-buildroot-linux-gnu/sysroot/lib64/crtn.o]
  collapse library dir [/home/talowe/rv1126b/rv1126b_linux6.1_sdk_v1.1.0/buildroot/output/rockchip_rv1126b/host/lib/gcc/aarch64-buildroot-linux-gnu/13.3.0] ==> [/home/talowe/rv1126b/rv1126b_linux6.1_sdk_v1.1.0/buildroot/output/rockchip_rv1126b/host/lib/gcc/aarch64-buildroot-linux-gnu/13.3.0]
  collapse library dir [/home/talowe/rv1126b/rv1126b_linux6.1_sdk_v1.1.0/buildroot/output/rockchip_rv1126b/host/lib/gcc/aarch64-buildroot-linux-gnu/13.3.0/../../../../aarch64-buildroot-linux-gnu/lib/../lib64] ==> [/home/talowe/rv1126b/rv1126b_linux6.1_sdk_v1.1.0/buildroot/output/rockchip_rv1126b/host/aarch64-buildroot-linux-gnu/lib64]
  collapse library dir [/home/talowe/rv1126b/rv1126b_linux6.1_sdk_v1.1.0/buildroot/output/rockchip_rv1126b/host/aarch64-buildroot-linux-gnu/sysroot/lib/../lib64] ==> [/home/talowe/rv1126b/rv1126b_linux6.1_sdk_v1.1.0/buildroot/output/rockchip_rv1126b/host/aarch64-buildroot-linux-gnu/sysroot/lib64]
  collapse library dir [/home/talowe/rv1126b/rv1126b_linux6.1_sdk_v1.1.0/buildroot/output/rockchip_rv1126b/host/aarch64-buildroot-linux-gnu/sysroot/usr/lib/../lib64] ==> [/home/talowe/rv1126b/rv1126b_linux6.1_sdk_v1.1.0/buildroot/output/rockchip_rv1126b/host/aarch64-buildroot-linux-gnu/sysroot/usr/lib64]
  collapse library dir [/home/talowe/rv1126b/rv1126b_linux6.1_sdk_v1.1.0/buildroot/output/rockchip_rv1126b/host/lib/gcc/aarch64-buildroot-linux-gnu/13.3.0/../../../../aarch64-buildroot-linux-gnu/lib] ==> [/home/talowe/rv1126b/rv1126b_linux6.1_sdk_v1.1.0/buildroot/output/rockchip_rv1126b/host/aarch64-buildroot-linux-gnu/lib]
  collapse library dir [/home/talowe/rv1126b/rv1126b_linux6.1_sdk_v1.1.0/buildroot/output/rockchip_rv1126b/host/aarch64-buildroot-linux-gnu/sysroot/lib] ==> [/home/talowe/rv1126b/rv1126b_linux6.1_sdk_v1.1.0/buildroot/output/rockchip_rv1126b/host/aarch64-buildroot-linux-gnu/sysroot/lib]
  collapse library dir [/home/talowe/rv1126b/rv1126b_linux6.1_sdk_v1.1.0/buildroot/output/rockchip_rv1126b/host/aarch64-buildroot-linux-gnu/sysroot/usr/lib] ==> [/home/talowe/rv1126b/rv1126b_linux6.1_sdk_v1.1.0/buildroot/output/rockchip_rv1126b/host/aarch64-buildroot-linux-gnu/sysroot/usr/lib]
  implicit libs: [gcc;gcc_s;c;gcc;gcc_s]
  implicit objs: [/home/talowe/rv1126b/rv1126b_linux6.1_sdk_v1.1.0/buildroot/output/rockchip_rv1126b/host/aarch64-buildroot-linux-gnu/sysroot/lib64/Scrt1.o;/home/talowe/rv1126b/rv1126b_linux6.1_sdk_v1.1.0/buildroot/output/rockchip_rv1126b/host/aarch64-buildroot-linux-gnu/sysroot/lib64/crti.o;/home/talowe/rv1126b/rv1126b_linux6.1_sdk_v1.1.0/buildroot/output/rockchip_rv1126b/host/lib/gcc/aarch64-buildroot-linux-gnu/13.3.0/crtbeginS.o;/home/talowe/rv1126b/rv1126b_linux6.1_sdk_v1.1.0/buildroot/output/rockchip_rv1126b/host/lib/gcc/aarch64-buildroot-linux-gnu/13.3.0/crtendS.o;/home/talowe/rv1126b/rv1126b_linux6.1_sdk_v1.1.0/buildroot/output/rockchip_rv1126b/host/aarch64-buildroot-linux-gnu/sysroot/lib64/crtn.o]
  implicit dirs: [/home/talowe/rv1126b/rv1126b_linux6.1_sdk_v1.1.0/buildroot/output/rockchip_rv1126b/host/lib/gcc/aarch64-buildroot-linux-gnu/13.3.0;/home/talowe/rv1126b/rv1126b_linux6.1_sdk_v1.1.0/buildroot/output/rockchip_rv1126b/host/aarch64-buildroot-linux-gnu/lib64;/home/talowe/rv1126b/rv1126b_linux6.1_sdk_v1.1.0/buildroot/output/rockchip_rv1126b/host/aarch64-buildroot-linux-gnu/sysroot/lib64;/home/talowe/rv1126b/rv1126b_linux6.1_sdk_v1.1.0/buildroot/output/rockchip_rv1126b/host/aarch64-buildroot-linux-gnu/sysroot/usr/lib64;/home/talowe/rv1126b/rv1126b_linux6.1_sdk_v1.1.0/buildroot/output/rockchip_rv1126b/host/aarch64-buildroot-linux-gnu/lib;/home/talowe/rv1126b/rv1126b_linux6.1_sdk_v1.1.0/buildroot/output/rockchip_rv1126b/host/aarch64-buildroot-linux-gnu/sysroot/lib;/home/talowe/rv1126b/rv1126b_linux6.1_sdk_v1.1.0/buildroot/output/rockchip_rv1126b/host/aarch64-buildroot-linux-gnu/sysroot/usr/lib]
  implicit fwks: []


Detecting CXX compiler ABI info compiled with the following output:
Change Dir: /home/talowe/rv1126b_aidemo/yolo26_cam/cpp/build/build_rknn_yolo26_cam_rv1126b_linux_aarch64_Release/CMakeFiles/CMakeTmp

Run Build Command(s):/usr/bin/gmake -f Makefile cmTC_56f29/fast && /usr/bin/gmake  -f CMakeFiles/cmTC_56f29.dir/build.make CMakeFiles/cmTC_56f29.dir/build
gmake[1]: Entering directory '/home/talowe/rv1126b_aidemo/yolo26_cam/cpp/build/build_rknn_yolo26_cam_rv1126b_linux_aarch64_Release/CMakeFiles/CMakeTmp'
Building CXX object CMakeFiles/cmTC_56f29.dir/CMakeCXXCompilerABI.cpp.o
/home/talowe/rv1126b/rv1126b_linux6.1_sdk_v1.1.0/buildroot/output/rockchip_rv1126b/host/bin/aarch64-buildroot-linux-gnu-g++   -v -o CMakeFiles/cmTC_56f29.dir/CMakeCXXCompilerABI.cpp.o -c /usr/share/cmake-3.22/Modules/CMakeCXXCompilerABI.cpp
Using built-in specs.
COLLECT_GCC=/home/talowe/rv1126b/rv1126b_linux6.1_sdk_v1.1.0/buildroot/output/rockchip_rv1126b/host/bin/aarch64-buildroot-linux-gnu-g++.br_real
Target: aarch64-buildroot-linux-gnu
Configured with: ./configure --prefix=/home/talowe/rv1126b/rv1126b_linux6.1_sdk_v1.1.0/buildroot/output/rockchip_rv1126b/host --sysconfdir=/home/talowe/rv1126b/rv1126b_linux6.1_sdk_v1.1.0/buildroot/output/rockchip_rv1126b/host/etc --enable-static --target=aarch64-buildroot-linux-gnu --with-sysroot=/home/talowe/rv1126b/rv1126b_linux6.1_sdk_v1.1.0/buildroot/output/rockchip_rv1126b/host/aarch64-buildroot-linux-gnu/sysroot --enable-__cxa_atexit --with-gnu-ld --disable-libssp --disable-multilib --disable-decimal-float --enable-plugins --enable-lto --with-gmp=/home/talowe/rv1126b/rv1126b_linux6.1_sdk_v1.1.0/buildroot/output/rockchip_rv1126b/host --with-mpc=/home/talowe/rv1126b/rv1126b_linux6.1_sdk_v1.1.0/buildroot/output/rockchip_rv1126b/host --with-mpfr=/home/talowe/rv1126b/rv1126b_linux6.1_sdk_v1.1.0/buildroot/output/rockchip_rv1126b/host --with-pkgversion='Buildroot 2024.02' --with-bugurl=https://gitlab.com/buildroot.org/buildroot/-/issues --without-zstd --disable-libquadmath --disable-libquadmath-support --enable-tls --enable-threads --without-isl --without-cloog --with-abi=lp64 --with-cpu=cortex-a53 --enable-languages=c,c++ --with-build-time-tools=/home/talowe/rv1126b/rv1126b_linux6.1_sdk_v1.1.0/buildroot/output/rockchip_rv1126b/host/aarch64-buildroot-linux-gnu/bin --enable-shared --disable-libgomp
Thread model: posix
Supported LTO compression algorithms: zlib
gcc version 13.3.0 (Buildroot 2024.02) 
COLLECT_GCC_OPTIONS='--sysroot=/home/talowe/rv1126b/rv1126b_linux6.1_sdk_v1.1.0/buildroot/output/rockchip_rv1126b/host/aarch64-buildroot-linux-gnu/sysroot' '-fstack-protector-strong' '-fPIE' '-pie' '-v' '-o' 'CMakeFiles/cmTC_56f29.dir/CMakeCXXCompilerABI.cpp.o' '-c' '-shared-libgcc' '-mcpu=cortex-a53' '-mlittle-endian' '-mabi=lp64' '-dumpdir' 'CMakeFiles/cmTC_56f29.dir/'
 /home/talowe/rv1126b/rv1126b_linux6.1_sdk_v1.1.0/buildroot/output/rockchip_rv1126b/host/libexec/gcc/aarch64-buildroot-linux-gnu/13.3.0/cc1plus -quiet -v -isysroot /home/talowe/rv1126b/rv1126b_linux6.1_sdk_v1.1.0/buildroot/output/rockchip_rv1126b/host/aarch64-buildroot-linux-gnu/sysroot -D_GNU_SOURCE /usr/share/cmake-3.22/Modules/CMakeCXXCompilerABI.cpp -quiet -dumpdir CMakeFiles/cmTC_56f29.dir/ -dumpbase CMakeCXXCompilerABI.cpp.cpp -dumpbase-ext .cpp -mcpu=cortex-a53 -mlittle-endian -mabi=lp64 -version -fstack-protector-strong -fPIE -o /tmp/ccNgeggc.s
GNU C++17 (Buildroot 2024.02) version 13.3.0 (aarch64-buildroot-linux-gnu)
	compiled by GNU C version 11.4.0, GMP version 6.3.0, MPFR version 4.1.1, MPC version 1.2.1, isl version none
GGC heuristics: --param ggc-min-expand=100 --param ggc-min-heapsize=131072
ignoring nonexistent directory "/home/talowe/rv1126b/rv1126b_linux6.1_sdk_v1.1.0/buildroot/output/rockchip_rv1126b/host/aarch64-buildroot-linux-gnu/sysroot/usr/local/include"
#include "..." search starts here:
#include <...> search starts here:
 /home/talowe/rv1126b/rv1126b_linux6.1_sdk_v1.1.0/buildroot/output/rockchip_rv1126b/host/lib/gcc/aarch64-buildroot-linux-gnu/13.3.0/../../../../aarch64-buildroot-linux-gnu/include/c++/13.3.0
 /home/talowe/rv1126b/rv1126b_linux6.1_sdk_v1.1.0/buildroot/output/rockchip_rv1126b/host/lib/gcc/aarch64-buildroot-linux-gnu/13.3.0/../../../../aarch64-buildroot-linux-gnu/include/c++/13.3.0/aarch64-buildroot-linux-gnu
 /home/talowe/rv1126b/rv1126b_linux6.1_sdk_v1.1.0/buildroot/output/rockchip_rv1126b/host/lib/gcc/aarch64-buildroot-linux-gnu/13.3.0/../../../../aarch64-buildroot-linux-gnu/include/c++/13.3.0/backward
 /home/talowe/rv1126b/rv1126b_linux6.1_sdk_v1.1.0/buildroot/output/rockchip_rv1126b/host/lib/gcc/aarch64-buildroot-linux-gnu/13.3.0/include
 /home/talowe/rv1126b/rv1126b_linux6.1_sdk_v1.1.0/buildroot/output/rockchip_rv1126b/host/lib/gcc/aarch64-buildroot-linux-gnu/13.3.0/include-fixed
 /home/talowe/rv1126b/rv1126b_linux6.1_sdk_v1.1.0/buildroot/output/rockchip_rv1126b/host/lib/gcc/aarch64-buildroot-linux-gnu/13.3.0/../../../../aarch64-buildroot-linux-gnu/include
 /home/talowe/rv1126b/rv1126b_linux6.1_sdk_v1.1.0/buildroot/output/rockchip_rv1126b/host/aarch64-buildroot-linux-gnu/sysroot/usr/include
End of search list.
Compiler executable checksum: 9aac428c745a3ca5fedd9dea2983c9e3
COLLECT_GCC_OPTIONS='--sysroot=/home/talowe/rv1126b/rv1126b_linux6.1_sdk_v1.1.0/buildroot/output/rockchip_rv1126b/host/aarch64-buildroot-linux-gnu/sysroot' '-fstack-protector-strong' '-fPIE' '-pie' '-v' '-o' 'CMakeFiles/cmTC_56f29.dir/CMakeCXXCompilerABI.cpp.o' '-c' '-shared-libgcc' '-mcpu=cortex-a53' '-mlittle-endian' '-mabi=lp64' '-dumpdir' 'CMakeFiles/cmTC_56f29.dir/'
 /home/talowe/rv1126b/rv1126b_linux6.1_sdk_v1.1.0/buildroot/output/rockchip_rv1126b/host/lib/gcc/aarch64-buildroot-linux-gnu/13.3.0/../../../../aarch64-buildroot-linux-gnu/bin/as -v -EL -march=armv8-a+crc -mabi=lp64 -o CMakeFiles/cmTC_56f29.dir/CMakeCXXCompilerABI.cpp.o /tmp/ccNgeggc.s
GNU assembler version 2.40 (aarch64-buildroot-linux-gnu) using BFD version (GNU Binutils) 2.40
COMPILER_PATH=/home/talowe/rv1126b/rv1126b_linux6.1_sdk_v1.1.0/buildroot/output/rockchip_rv1126b/host/libexec/gcc/aarch64-buildroot-linux-gnu/13.3.0/:/home/talowe/rv1126b/rv1126b_linux6.1_sdk_v1.1.0/buildroot/output/rockchip_rv1126b/host/libexec/gcc/aarch64-buildroot-linux-gnu/13.3.0/:/home/talowe/rv1126b/rv1126b_linux6.1_sdk_v1.1.0/buildroot/output/rockchip_rv1126b/host/libexec/gcc/aarch64-buildroot-linux-gnu/:/home/talowe/rv1126b/rv1126b_linux6.1_sdk_v1.1.0/buildroot/output/rockchip_rv1126b/host/lib/gcc/aarch64-buildroot-linux-gnu/13.3.0/:/home/talowe/rv1126b/rv1126b_linux6.1_sdk_v1.1.0/buildroot/output/rockchip_rv1126b/host/lib/gcc/aarch64-buildroot-linux-gnu/:/home/talowe/rv1126b/rv1126b_linux6.1_sdk_v1.1.0/buildroot/output/rockchip_rv1126b/host/lib/gcc/aarch64-buildroot-linux-gnu/13.3.0/../../../../aarch64-buildroot-linux-gnu/bin/
LIBRARY_PATH=/home/talowe/rv1126b/rv1126b_linux6.1_sdk_v1.1.0/buildroot/output/rockchip_rv1126b/host/lib/gcc/aarch64-buildroot-linux-gnu/13.3.0/:/home/talowe/rv1126b/rv1126b_linux6.1_sdk_v1.1.0/buildroot/output/rockchip_rv1126b/host/lib/gcc/aarch64-buildroot-linux-gnu/13.3.0/../../../../aarch64-buildroot-linux-gnu/lib/../lib64/:/home/talowe/rv1126b/rv1126b_linux6.1_sdk_v1.1.0/buildroot/output/rockchip_rv1126b/host/aarch64-buildroot-linux-gnu/sysroot/lib/../lib64/:/home/talowe/rv1126b/rv1126b_linux6.1_sdk_v1.1.0/buildroot/output/rockchip_rv1126b/host/aarch64-buildroot-linux-gnu/sysroot/usr/lib/../lib64/:/home/talowe/rv1126b/rv1126b_linux6.1_sdk_v1.1.0/buildroot/output/rockchip_rv1126b/host/lib/gcc/aarch64-buildroot-linux-gnu/13.3.0/../../../../aarch64-buildroot-linux-gnu/lib/:/home/talowe/rv1126b/rv1126b_linux6.1_sdk_v1.1.0/buildroot/output/rockchip_rv1126b/host/aarch64-buildroot-linux-gnu/sysroot/lib/:/home/talowe/rv1126b/rv1126b_linux6.1_sdk_v1.1.0/buildroot/output/rockchip_rv1126b/host/aarch64-buildroot-linux-gnu/sysroot/usr/lib/
COLLECT_GCC_OPTIONS='--sysroot=/home/talowe/rv1126b/rv1126b_linux6.1_sdk_v1.1.0/buildroot/output/rockchip_rv1126b/host/aarch64-buildroot-linux-gnu/sysroot' '-fstack-protector-strong' '-fPIE' '-pie' '-v' '-o' 'CMakeFiles/cmTC_56f29.dir/CMakeCXXCompilerABI.cpp.o' '-c' '-shared-libgcc' '-mcpu=cortex-a53' '-mlittle-endian' '-mabi=lp64' '-dumpdir' 'CMakeFiles/cmTC_56f29.dir/CMakeCXXCompilerABI.cpp.'
Linking CXX executable cmTC_56f29
/usr/bin/cmake -E cmake_link_script CMakeFiles/cmTC_56f29.dir/link.txt --verbose=1
/home/talowe/rv1126b/rv1126b_linux6.1_sdk_v1.1.0/buildroot/output/rockchip_rv1126b/host/bin/aarch64-buildroot-linux-gnu-g++  -v CMakeFiles/cmTC_56f29.dir/CMakeCXXCompilerABI.cpp.o -o cmTC_56f29 
Using built-in specs.
COLLECT_GCC=/home/talowe/rv1126b/rv1126b_linux6.1_sdk_v1.1.0/buildroot/output/rockchip_rv1126b/host/bin/aarch64-buildroot-linux-gnu-g++.br_real
COLLECT_LTO_WRAPPER=/home/talowe/rv1126b/rv1126b_linux6.1_sdk_v1.1.0/buildroot/output/rockchip_rv1126b/host/libexec/gcc/aarch64-buildroot-linux-gnu/13.3.0/lto-wrapper
Target: aarch64-buildroot-linux-gnu
Configured with: ./configure --prefix=/home/talowe/rv1126b/rv1126b_linux6.1_sdk_v1.1.0/buildroot/output/rockchip_rv1126b/host --sysconfdir=/home/talowe/rv1126b/rv1126b_linux6.1_sdk_v1.1.0/buildroot/output/rockchip_rv1126b/host/etc --enable-static --target=aarch64-buildroot-linux-gnu --with-sysroot=/home/talowe/rv1126b/rv1126b_linux6.1_sdk_v1.1.0/buildroot/output/rockchip_rv1126b/host/aarch64-buildroot-linux-gnu/sysroot --enable-__cxa_atexit --with-gnu-ld --disable-libssp --disable-multilib --disable-decimal-float --enable-plugins --enable-lto --with-gmp=/home/talowe/rv1126b/rv1126b_linux6.1_sdk_v1.1.0/buildroot/output/rockchip_rv1126b/host --with-mpc=/home/talowe/rv1126b/rv1126b_linux6.1_sdk_v1.1.0/buildroot/output/rockchip_rv1126b/host --with-mpfr=/home/talowe/rv1126b/rv1126b_linux6.1_sdk_v1.1.0/buildroot/output/rockchip_rv1126b/host --with-pkgversion='Buildroot 2024.02' --with-bugurl=https://gitlab.com/buildroot.org/buildroot/-/issues --without-zstd --disable-libquadmath --disable-libquadmath-support --enable-tls --enable-threads --without-isl --without-cloog --with-abi=lp64 --with-cpu=cortex-a53 --enable-languages=c,c++ --with-build-time-tools=/home/talowe/rv1126b/rv1126b_linux6.1_sdk_v1.1.0/buildroot/output/rockchip_rv1126b/host/aarch64-buildroot-linux-gnu/bin --enable-shared --disable-libgomp
Thread model: posix
Supported LTO compression algorithms: zlib
gcc version 13.3.0 (Buildroot 2024.02) 
COMPILER_PATH=/home/talowe/rv1126b/rv1126b_linux6.1_sdk_v1.1.0/buildroot/output/rockchip_rv1126b/host/libexec/gcc/aarch64-buildroot-linux-gnu/13.3.0/:/home/talowe/rv1126b/rv1126b_linux6.1_sdk_v1.1.0/buildroot/output/rockchip_rv1126b/host/libexec/gcc/aarch64-buildroot-linux-gnu/13.3.0/:/home/talowe/rv1126b/rv1126b_linux6.1_sdk_v1.1.0/buildroot/output/rockchip_rv1126b/host/libexec/gcc/aarch64-buildroot-linux-gnu/:/home/talowe/rv1126b/rv1126b_linux6.1_sdk_v1.1.0/buildroot/output/rockchip_rv1126b/host/lib/gcc/aarch64-buildroot-linux-gnu/13.3.0/:/home/talowe/rv1126b/rv1126b_linux6.1_sdk_v1.1.0/buildroot/output/rockchip_rv1126b/host/lib/gcc/aarch64-buildroot-linux-gnu/:/home/talowe/rv1126b/rv1126b_linux6.1_sdk_v1.1.0/buildroot/output/rockchip_rv1126b/host/lib/gcc/aarch64-buildroot-linux-gnu/13.3.0/../../../../aarch64-buildroot-linux-gnu/bin/
LIBRARY_PATH=/home/talowe/rv1126b/rv1126b_linux6.1_sdk_v1.1.0/buildroot/output/rockchip_rv1126b/host/lib/gcc/aarch64-buildroot-linux-gnu/13.3.0/:/home/talowe/rv1126b/rv1126b_linux6.1_sdk_v1.1.0/buildroot/output/rockchip_rv1126b/host/lib/gcc/aarch64-buildroot-linux-gnu/13.3.0/../../../../aarch64-buildroot-linux-gnu/lib/../lib64/:/home/talowe/rv1126b/rv1126b_linux6.1_sdk_v1.1.0/buildroot/output/rockchip_rv1126b/host/aarch64-buildroot-linux-gnu/sysroot/lib/../lib64/:/home/talowe/rv1126b/rv1126b_linux6.1_sdk_v1.1.0/buildroot/output/rockchip_rv1126b/host/aarch64-buildroot-linux-gnu/sysroot/usr/lib/../lib64/:/home/talowe/rv1126b/rv1126b_linux6.1_sdk_v1.1.0/buildroot/output/rockchip_rv1126b/host/lib/gcc/aarch64-buildroot-linux-gnu/13.3.0/../../../../aarch64-buildroot-linux-gnu/lib/:/home/talowe/rv1126b/rv1126b_linux6.1_sdk_v1.1.0/buildroot/output/rockchip_rv1126b/host/aarch64-buildroot-linux-gnu/sysroot/lib/:/home/talowe/rv1126b/rv1126b_linux6.1_sdk_v1.1.0/buildroot/output/rockchip_rv1126b/host/aarch64-buildroot-linux-gnu/sysroot/usr/lib/
COLLECT_GCC_OPTIONS='--sysroot=/home/talowe/rv1126b/rv1126b_linux6.1_sdk_v1.1.0/buildroot/output/rockchip_rv1126b/host/aarch64-buildroot-linux-gnu/sysroot' '-fstack-protector-strong' '-fPIE' '-pie' '-v' '-o' 'cmTC_56f29' '-shared-libgcc' '-mcpu=cortex-a53' '-mlittle-endian' '-mabi=lp64' '-dumpdir' 'cmTC_56f29.'
 /home/talowe/rv1126b/rv1126b_linux6.1_sdk_v1.1.0/buildroot/output/rockchip_rv1126b/host/libexec/gcc/aarch64-buildroot-linux-gnu/13.3.0/collect2 -plugin /home/talowe/rv1126b/rv1126b_linux6.1_sdk_v1.1.0/buildroot/output/rockchip_rv1126b/host/libexec/gcc/aarch64-buildroot-linux-gnu/13.3.0/liblto_plugin.so -plugin-opt=/home/talowe/rv1126b/rv1126b_linux6.1_sdk_v1.1.0/buildroot/output/rockchip_rv1126b/host/libexec/gcc/aarch64-buildroot-linux-gnu/13.3.0/lto-wrapper -plugin-opt=-fresolution=/tmp/ccf73yEQ.res -plugin-opt=-pass-through=-lgcc_s -plugin-opt=-pass-through=-lgcc -plugin-opt=-pass-through=-lc -plugin-opt=-pass-through=-lgcc_s -plugin-opt=-pass-through=-lgcc --sysroot=/home/talowe/rv1126b/rv1126b_linux6.1_sdk_v1.1.0/buildroot/output/rockchip_rv1126b/host/aarch64-buildroot-linux-gnu/sysroot --eh-frame-hdr -dynamic-linker /lib/ld-linux-aarch64.so.1 -X -EL -maarch64linux -pie -o cmTC_56f29 /home/talowe/rv1126b/rv1126b_linux6.1_sdk_v1.1.0/buildroot/output/rockchip_rv1126b/host/aarch64-buildroot-linux-gnu/sysroot/lib/../lib64/Scrt1.o /home/talowe/rv1126b/rv1126b_linux6.1_sdk_v1.1.0/buildroot/output/rockchip_rv1126b/host/aarch64-buildroot-linux-gnu/sysroot/lib/../lib64/crti.o /home/talowe/rv1126b/rv1126b_linux6.1_sdk_v1.1.0/buildroot/output/rockchip_rv1126b/host/lib/gcc/aarch64-buildroot-linux-gnu/13.3.0/crtbeginS.o -L/home/talowe/rv1126b/rv1126b_linux6.1_sdk_v1.1.0/buildroot/output/rockchip_rv1126b/host/lib/gcc/aarch64-buildroot-linux-gnu/13.3.0 -L/home/talowe/rv1126b/rv1126b_linux6.1_sdk_v1.1.0/buildroot/output/rockchip_rv1126b/host/lib/gcc/aarch64-buildroot-linux-gnu/13.3.0/../../../../aarch64-buildroot-linux-gnu/lib/../lib64 -L/home/talowe/rv1126b/rv1126b_linux6.1_sdk_v1.1.0/buildroot/output/rockchip_rv1126b/host/aarch64-buildroot-linux-gnu/sysroot/lib/../lib64 -L/home/talowe/rv1126b/rv1126b_linux6.1_sdk_v1.1.0/buildroot/output/rockchip_rv1126b/host/aarch64-buildroot-linux-gnu/sysroot/usr/lib/../lib64 -L/home/talowe/rv1126b/rv1126b_linux6.1_sdk_v1.1.0/buildroot/output/rockchip_rv1126b/host/lib/gcc/aarch64-buildroot-linux-gnu/13.3.0/../../../../aarch64-buildroot-linux-gnu/lib -L/home/talowe/rv1126b/rv1126b_linux6.1_sdk_v1.1.0/buildroot/output/rockchip_rv1126b/host/aarch64-buildroot-linux-gnu/sysroot/lib -L/home/talowe/rv1126b/rv1126b_linux6.1_sdk_v1.1.0/buildroot/output/rockchip_rv1126b/host/aarch64-buildroot-linux-gnu/sysroot/usr/lib -z max-page-size=4096 -z common-page-size=4096 -z now -z relro CMakeFiles/cmTC_56f29.dir/CMakeCXXCompilerABI.cpp.o -lstdc++ -lm -lgcc_s -lgcc -lc -lgcc_s -lgcc /home/talowe/rv1126b/rv1126b_linux6.1_sdk_v1.1.0/buildroot/output/rockchip_rv1126b/host/lib/gcc/aarch64-buildroot-linux-gnu/13.3.0/crtendS.o /home/talowe/rv1126b/rv1126b_linux6.1_sdk_v1.1.0/buildroot/output/rockchip_rv1126b/host/aarch64-buildroot-linux-gnu/sysroot/lib/../lib64/crtn.o
COLLECT_GCC_OPTIONS='--sysroot=/home/talowe/rv1126b/rv1126b_linux6.1_sdk_v1.1.0/buildroot/output/rockchip_rv1126b/host/aarch64-buildroot-linux-gnu/sysroot' '-fstack-protector-strong' '-fPIE' '-pie' '-v' '-o' 'cmTC_56f29' '-shared-libgcc' '-mcpu=cortex-a53' '-mlittle-endian' '-mabi=lp64' '-dumpdir' 'cmTC_56f29.'
gmake[1]: Leaving directory '/home/talowe/rv1126b_aidemo/yolo26_cam/cpp/build/build_rknn_yolo26_cam_rv1126b_linux_aarch64_Release/CMakeFiles/CMakeTmp'



Parsed CXX implicit include dir info from above output: rv=done
  found start of include info
  found start of implicit include info
    add: [/home/talowe/rv1126b/rv1126b_linux6.1_sdk_v1.1.0/buildroot/output/rockchip_rv1126b/host/lib/gcc/aarch64-buildroot-linux-gnu/13.3.0/../../../../aarch64-buildroot-linux-gnu/include/c++/13.3.0]
    add: [/home/talowe/rv1126b/rv1126b_linux6.1_sdk_v1.1.0/buildroot/output/rockchip_rv1126b/host/lib/gcc/aarch64-buildroot-linux-gnu/13.3.0/../../../../aarch64-buildroot-linux-gnu/include/c++/13.3.0/aarch64-buildroot-linux-gnu]
    add: [/home/talowe/rv1126b/rv1126b_linux6.1_sdk_v1.1.0/buildroot/output/rockchip_rv1126b/host/lib/gcc/aarch64-buildroot-linux-gnu/13.3.0/../../../../aarch64-buildroot-linux-gnu/include/c++/13.3.0/backward]
    add: [/home/talowe/rv1126b/rv1126b_linux6.1_sdk_v1.1.0/buildroot/output/rockchip_rv1126b/host/lib/gcc/aarch64-buildroot-linux-gnu/13.3.0/include]
    add: [/home/talowe/rv1126b/rv1126b_linux6.1_sdk_v1.1.0/buildroot/output/rockchip_rv1126b/host/lib/gcc/aarch64-buildroot-linux-gnu/13.3.0/include-fixed]
    add: [/home/talowe/rv1126b/rv1126b_linux6.1_sdk_v1.1.0/buildroot/output/rockchip_rv1126b/host/lib/gcc/aarch64-buildroot-linux-gnu/13.3.0/../../../../aarch64-buildroot-linux-gnu/include]
    add: [/home/talowe/rv1126b/rv1126b_linux6.1_sdk_v1.1.0/buildroot/output/rockchip_rv1126b/host/aarch64-buildroot-linux-gnu/sysroot/usr/include]
  end of search list found
  collapse include dir [/home/talowe/rv1126b/rv1126b_linux6.1_sdk_v1.1.0/buildroot/output/rockchip_rv1126b/host/lib/gcc/aarch64-buildroot-linux-gnu/13.3.0/../../../../aarch64-buildroot-linux-gnu/include/c++/13.3.0] ==> [/home/talowe/rv1126b/rv1126b_linux6.1_sdk_v1.1.0/buildroot/output/rockchip_rv1126b/host/aarch64-buildroot-linux-gnu/include/c++/13.3.0]
  collapse include dir [/home/talowe/rv1126b/rv1126b_linux6.1_sdk_v1.1.0/buildroot/output/rockchip_rv1126b/host/lib/gcc/aarch64-buildroot-linux-gnu/13.3.0/../../../../aarch64-buildroot-linux-gnu/include/c++/13.3.0/aarch64-buildroot-linux-gnu] ==> [/home/talowe/rv1126b/rv1126b_linux6.1_sdk_v1.1.0/buildroot/output/rockchip_rv1126b/host/aarch64-buildroot-linux-gnu/include/c++/13.3.0/aarch64-buildroot-linux-gnu]
  collapse include dir [/home/talowe/rv1126b/rv1126b_linux6.1_sdk_v1.1.0/buildroot/output/rockchip_rv1126b/host/lib/gcc/aarch64-buildroot-linux-gnu/13.3.0/../../../../aarch64-buildroot-linux-gnu/include/c++/13.3.0/backward] ==> [/home/talowe/rv1126b/rv1126b_linux6.1_sdk_v1.1.0/buildroot/output/rockchip_rv1126b/host/aarch64-buildroot-linux-gnu/include/c++/13.3.0/backward]
  collapse include dir [/home/talowe/rv1126b/rv1126b_linux6.1_sdk_v1.1.0/buildroot/output/rockchip_rv1126b/host/lib/gcc/aarch64-buildroot-linux-gnu/13.3.0/include] ==> [/home/talowe/rv1126b/rv1126b_linux6.1_sdk_v1.1.0/buildroot/output/rockchip_rv1126b/host/lib/gcc/aarch64-buildroot-linux-gnu/13.3.0/include]
  collapse include dir [/home/talowe/rv1126b/rv1126b_linux6.1_sdk_v1.1.0/buildroot/output/rockchip_rv1126b/host/lib/gcc/aarch64-buildroot-linux-gnu/13.3.0/include-fixed] ==> [/home/talowe/rv1126b/rv1126b_linux6.1_sdk_v1.1.0/buildroot/output/rockchip_rv1126b/host/lib/gcc/aarch64-buildroot-linux-gnu/13.3.0/include-fixed]
  collapse include dir [/home/talowe/rv1126b/rv1126b_linux6.1_sdk_v1.1.0/buildroot/output/rockchip_rv1126b/host/lib/gcc/aarch64-buildroot-linux-gnu/13.3.0/../../../../aarch64-buildroot-linux-gnu/include] ==> [/home/talowe/rv1126b/rv1126b_linux6.1_sdk_v1.1.0/buildroot/output/rockchip_rv1126b/host/aarch64-buildroot-linux-gnu/include]
  collapse include dir [/home/talowe/rv1126b/rv1126b_linux6.1_sdk_v1.1.0/buildroot/output/rockchip_rv1126b/host/aarch64-buildroot-linux-gnu/sysroot/usr/include] ==> [/home/talowe/rv1126b/rv1126b_linux6.1_sdk_v1.1.0/buildroot/output/rockchip_rv1126b/host/aarch64-buildroot-linux-gnu/sysroot/usr/include]
  implicit include dirs: [/home/talowe/rv1126b/rv1126b_linux6.1_sdk_v1.1.0/buildroot/output/rockchip_rv1126b/host/aarch64-buildroot-linux-gnu/include/c++/13.3.0;/home/talowe/rv1126b/rv1126b_linux6.1_sdk_v1.1.0/buildroot/output/rockchip_rv1126b/host/aarch64-buildroot-linux-gnu/include/c++/13.3.0/aarch64-buildroot-linux-gnu;/home/talowe/rv1126b/rv1126b_linux6.1_sdk_v1.1.0/buildroot/output/rockchip_rv1126b/host/aarch64-buildroot-linux-gnu/include/c++/13.3.0/backward;/home/talowe/rv1126b/rv1126b_linux6.1_sdk_v1.1.0/buildroot/output/rockchip_rv1126b/host/lib/gcc/aarch64-buildroot-linux-gnu/13.3.0/include;/home/talowe/rv1126b/rv1126b_linux6.1_sdk_v1.1.0/buildroot/output/rockchip_rv1126b/host/lib/gcc/aarch64-buildroot-linux-gnu/13.3.0/include-fixed;/home/talowe/rv1126b/rv1126b_linux6.1_sdk_v1.1.0/buildroot/output/rockchip_rv1126b/host/aarch64-buildroot-linux-gnu/include;/home/talowe/rv1126b/rv1126b_linux6.1_sdk_v1.1.0/buildroot/output/rockchip_rv1126b/host/aarch64-buildroot-linux-gnu/sysroot/usr/include]


Parsed CXX implicit link information from above output:
  link line regex: [^( *|.*[/\])(aarch64-buildroot-linux-gnu-ld|CMAKE_LINK_STARTFILE-NOTFOUND|([^/\]+-)?ld|collect2)[^/\]*( |$)]
  ignore line: [Change Dir: /home/talowe/rv1126b_aidemo/yolo26_cam/cpp/build/build_rknn_yolo26_cam_rv1126b_linux_aarch64_Release/CMakeFiles/CMakeTmp]
  ignore line: []
  ignore line: [Run Build Command(s):/usr/bin/gmake -f Makefile cmTC_56f29/fast && /usr/bin/gmake  -f CMakeFiles/cmTC_56f29.dir/build.make CMakeFiles/cmTC_56f29.dir/build]
  ignore line: [gmake[1]: Entering directory '/home/talowe/rv1126b_aidemo/yolo26_cam/cpp/build/build_rknn_yolo26_cam_rv1126b_linux_aarch64_Release/CMakeFiles/CMakeTmp']
  ignore line: [Building CXX object CMakeFiles/cmTC_56f29.dir/CMakeCXXCompilerABI.cpp.o]
  ignore line: [/home/talowe/rv1126b/rv1126b_linux6.1_sdk_v1.1.0/buildroot/output/rockchip_rv1126b/host/bin/aarch64-buildroot-linux-gnu-g++   -v -o CMakeFiles/cmTC_56f29.dir/CMakeCXXCompilerABI.cpp.o -c /usr/share/cmake-3.22/Modules/CMakeCXXCompilerABI.cpp]
  ignore line: [Using built-in specs.]
  ignore line: [COLLECT_GCC=/home/talowe/rv1126b/rv1126b_linux6.1_sdk_v1.1.0/buildroot/output/rockchip_rv1126b/host/bin/aarch64-buildroot-linux-gnu-g++.br_real]
  ignore line: [Target: aarch64-buildroot-linux-gnu]
  ignore line: [Configured with: ./configure --prefix=/home/talowe/rv1126b/rv1126b_linux6.1_sdk_v1.1.0/buildroot/output/rockchip_rv1126b/host --sysconfdir=/home/talowe/rv1126b/rv1126b_linux6.1_sdk_v1.1.0/buildroot/output/rockchip_rv1126b/host/etc --enable-static --target=aarch64-buildroot-linux-gnu --with-sysroot=/home/talowe/rv1126b/rv1126b_linux6.1_sdk_v1.1.0/buildroot/output/rockchip_rv1126b/host/aarch64-buildroot-linux-gnu/sysroot --enable-__cxa_atexit --with-gnu-ld --disable-libssp --disable-multilib --disable-decimal-float --enable-plugins --enable-lto --with-gmp=/home/talowe/rv1126b/rv1126b_linux6.1_sdk_v1.1.0/buildroot/output/rockchip_rv1126b/host --with-mpc=/home/talowe/rv1126b/rv1126b_linux6.1_sdk_v1.1.0/buildroot/output/rockchip_rv1126b/host --with-mpfr=/home/talowe/rv1126b/rv1126b_linux6.1_sdk_v1.1.0/buildroot/output/rockchip_rv1126b/host --with-pkgversion='Buildroot 2024.02' --with-bugurl=https://gitlab.com/buildroot.org/buildroot/-/issues --without-zstd --disable-libquadmath --disable-libquadmath-support --enable-tls --enable-threads --without-isl --without-cloog --with-abi=lp64 --with-cpu=cortex-a53 --enable-languages=c,c++ --with-build-time-tools=/home/talowe/rv1126b/rv1126b_linux6.1_sdk_v1.1.0/buildroot/output/rockchip_rv1126b/host/aarch64-buildroot-linux-gnu/bin --enable-shared --disable-libgomp]
  ignore line: [Thread model: posix]
  ignore line: [Supported LTO compression algorithms: zlib]
  ignore line: [gcc version 13.3.0 (Buildroot 2024.02) ]
  ignore line: [COLLECT_GCC_OPTIONS='--sysroot=/home/talowe/rv1126b/rv1126b_linux6.1_sdk_v1.1.0/buildroot/output/rockchip_rv1126b/host/aarch64-buildroot-linux-gnu/sysroot' '-fstack-protector-strong' '-fPIE' '-pie' '-v' '-o' 'CMakeFiles/cmTC_56f29.dir/CMakeCXXCompilerABI.cpp.o' '-c' '-shared-libgcc' '-mcpu=cortex-a53' '-mlittle-endian' '-mabi=lp64' '-dumpdir' 'CMakeFiles/cmTC_56f29.dir/']
  ignore line: [ /home/talowe/rv1126b/rv1126b_linux6.1_sdk_v1.1.0/buildroot/output/rockchip_rv1126b/host/libexec/gcc/aarch64-buildroot-linux-gnu/13.3.0/cc1plus -quiet -v -isysroot /home/talowe/rv1126b/rv1126b_linux6.1_sdk_v1.1.0/buildroot/output/rockchip_rv1126b/host/aarch64-buildroot-linux-gnu/sysroot -D_GNU_SOURCE /usr/share/cmake-3.22/Modules/CMakeCXXCompilerABI.cpp -quiet -dumpdir CMakeFiles/cmTC_56f29.dir/ -dumpbase CMakeCXXCompilerABI.cpp.cpp -dumpbase-ext .cpp -mcpu=cortex-a53 -mlittle-endian -mabi=lp64 -version -fstack-protector-strong -fPIE -o /tmp/ccNgeggc.s]
  ignore line: [GNU C++17 (Buildroot 2024.02) version 13.3.0 (aarch64-buildroot-linux-gnu)]
  ignore line: [	compiled by GNU C version 11.4.0  GMP version 6.3.0  MPFR version 4.1.1  MPC version 1.2.1  isl version none]
  ignore line: [GGC heuristics: --param ggc-min-expand=100 --param ggc-min-heapsize=131072]
  ignore line: [ignoring nonexistent directory "/home/talowe/rv1126b/rv1126b_linux6.1_sdk_v1.1.0/buildroot/output/rockchip_rv1126b/host/aarch64-buildroot-linux-gnu/sysroot/usr/local/include"]
  ignore line: [#include "..." search starts here:]
  ignore line: [#include <...> search starts here:]
  ignore line: [ /home/talowe/rv1126b/rv1126b_linux6.1_sdk_v1.1.0/buildroot/output/rockchip_rv1126b/host/lib/gcc/aarch64-buildroot-linux-gnu/13.3.0/../../../../aarch64-buildroot-linux-gnu/include/c++/13.3.0]
  ignore line: [ /home/talowe/rv1126b/rv1126b_linux6.1_sdk_v1.1.0/buildroot/output/rockchip_rv1126b/host/lib/gcc/aarch64-buildroot-linux-gnu/13.3.0/../../../../aarch64-buildroot-linux-gnu/include/c++/13.3.0/aarch64-buildroot-linux-gnu]
  ignore line: [ /home/talowe/rv1126b/rv1126b_linux6.1_sdk_v1.1.0/buildroot/output/rockchip_rv1126b/host/lib/gcc/aarch64-buildroot-linux-gnu/13.3.0/../../../../aarch64-buildroot-linux-gnu/include/c++/13.3.0/backward]
  ignore line: [ /home/talowe/rv1126b/rv1126b_linux6.1_sdk_v1.1.0/buildroot/output/rockchip_rv1126b/host/lib/gcc/aarch64-buildroot-linux-gnu/13.3.0/include]
  ignore line: [ /home/talowe/rv1126b/rv1126b_linux6.1_sdk_v1.1.0/buildroot/output/rockchip_rv1126b/host/lib/gcc/aarch64-buildroot-linux-gnu/13.3.0/include-fixed]
  ignore line: [ /home/talowe/rv1126b/rv1126b_linux6.1_sdk_v1.1.0/buildroot/output/rockchip_rv1126b/host/lib/gcc/aarch64-buildroot-linux-gnu/13.3.0/../../../../aarch64-buildroot-linux-gnu/include]
  ignore line: [ /home/talowe/rv1126b/rv1126b_linux6.1_sdk_v1.1.0/buildroot/output/rockchip_rv1126b/host/aarch64-buildroot-linux-gnu/sysroot/usr/include]
  ignore line: [End of search list.]
  ignore line: [Compiler executable checksum: 9aac428c745a3ca5fedd9dea2983c9e3]
  ignore line: [COLLECT_GCC_OPTIONS='--sysroot=/home/talowe/rv1126b/rv1126b_linux6.1_sdk_v1.1.0/buildroot/output/rockchip_rv1126b/host/aarch64-buildroot-linux-gnu/sysroot' '-fstack-protector-strong' '-fPIE' '-pie' '-v' '-o' 'CMakeFiles/cmTC_56f29.dir/CMakeCXXCompilerABI.cpp.o' '-c' '-shared-libgcc' '-mcpu=cortex-a53' '-mlittle-endian' '-mabi=lp64' '-dumpdir' 'CMakeFiles/cmTC_56f29.dir/']
  ignore line: [ /home/talowe/rv1126b/rv1126b_linux6.1_sdk_v1.1.0/buildroot/output/rockchip_rv1126b/host/lib/gcc/aarch64-buildroot-linux-gnu/13.3.0/../../../../aarch64-buildroot-linux-gnu/bin/as -v -EL -march=armv8-a+crc -mabi=lp64 -o CMakeFiles/cmTC_56f29.dir/CMakeCXXCompilerABI.cpp.o /tmp/ccNgeggc.s]
  ignore line: [GNU assembler version 2.40 (aarch64-buildroot-linux-gnu) using BFD version (GNU Binutils) 2.40]
  ignore line: [COMPILER_PATH=/home/talowe/rv1126b/rv1126b_linux6.1_sdk_v1.1.0/buildroot/output/rockchip_rv1126b/host/libexec/gcc/aarch64-buildroot-linux-gnu/13.3.0/:/home/talowe/rv1126b/rv1126b_linux6.1_sdk_v1.1.0/buildroot/output/rockchip_rv1126b/host/libexec/gcc/aarch64-buildroot-linux-gnu/13.3.0/:/home/talowe/rv1126b/rv1126b_linux6.1_sdk_v1.1.0/buildroot/output/rockchip_rv1126b/host/libexec/gcc/aarch64-buildroot-linux-gnu/:/home/talowe/rv1126b/rv1126b_linux6.1_sdk_v1.1.0/buildroot/output/rockchip_rv1126b/host/lib/gcc/aarch64-buildroot-linux-gnu/13.3.0/:/home/talowe/rv1126b/rv1126b_linux6.1_sdk_v1.1.0/buildroot/output/rockchip_rv1126b/host/lib/gcc/aarch64-buildroot-linux-gnu/:/home/talowe/rv1126b/rv1126b_linux6.1_sdk_v1.1.0/buildroot/output/rockchip_rv1126b/host/lib/gcc/aarch64-buildroot-linux-gnu/13.3.0/../../../../aarch64-buildroot-linux-gnu/bin/]
  ignore line: [LIBRARY_PATH=/home/talowe/rv1126b/rv1126b_linux6.1_sdk_v1.1.0/buildroot/output/rockchip_rv1126b/host/lib/gcc/aarch64-buildroot-linux-gnu/13.3.0/:/home/talowe/rv1126b/rv1126b_linux6.1_sdk_v1.1.0/buildroot/output/rockchip_rv1126b/host/lib/gcc/aarch64-buildroot-linux-gnu/13.3.0/../../../../aarch64-buildroot-linux-gnu/lib/../lib64/:/home/talowe/rv1126b/rv1126b_linux6.1_sdk_v1.1.0/buildroot/output/rockchip_rv1126b/host/aarch64-buildroot-linux-gnu/sysroot/lib/../lib64/:/home/talowe/rv1126b/rv1126b_linux6.1_sdk_v1.1.0/buildroot/output/rockchip_rv1126b/host/aarch64-buildroot-linux-gnu/sysroot/usr/lib/../lib64/:/home/talowe/rv1126b/rv1126b_linux6.1_sdk_v1.1.0/buildroot/output/rockchip_rv1126b/host/lib/gcc/aarch64-buildroot-linux-gnu/13.3.0/../../../../aarch64-buildroot-linux-gnu/lib/:/home/talowe/rv1126b/rv1126b_linux6.1_sdk_v1.1.0/buildroot/output/rockchip_rv1126b/host/aarch64-buildroot-linux-gnu/sysroot/lib/:/home/talowe/rv1126b/rv1126b_linux6.1_sdk_v1.1.0/buildroot/output/rockchip_rv1126b/host/aarch64-buildroot-linux-gnu/sysroot/usr/lib/]
  ignore line: [COLLECT_GCC_OPTIONS='--sysroot=/home/talowe/rv1126b/rv1126b_linux6.1_sdk_v1.1.0/buildroot/output/rockchip_rv1126b/host/aarch64-buildroot-linux-gnu/sysroot' '-fstack-protector-strong' '-fPIE' '-pie' '-v' '-o' 'CMakeFiles/cmTC_56f29.dir/CMakeCXXCompilerABI.cpp.o' '-c' '-shared-libgcc' '-mcpu=cortex-a53' '-mlittle-endian' '-mabi=lp64' '-dumpdir' 'CMakeFiles/cmTC_56f29.dir/CMakeCXXCompilerABI.cpp.']
  ignore line: [Linking CXX executable cmTC_56f29]
  ignore line: [/usr/bin/cmake -E cmake_link_script CMakeFiles/cmTC_56f29.dir/link.txt --verbose=1]
  ignore line: [/home/talowe/rv1126b/rv1126b_linux6.1_sdk_v1.1.0/buildroot/output/rockchip_rv1126b/host/bin/aarch64-buildroot-linux-gnu-g++  -v CMakeFiles/cmTC_56f29.dir/CMakeCXXCompilerABI.cpp.o -o cmTC_56f29 ]
  ignore line: [Using built-in specs.]
  ignore line: [COLLECT_GCC=/home/talowe/rv1126b/rv1126b_linux6.1_sdk_v1.1.0/buildroot/output/rockchip_rv1126b/host/bin/aarch64-buildroot-linux-gnu-g++.br_real]
  ignore line: [COLLECT_LTO_WRAPPER=/home/talowe/rv1126b/rv1126b_linux6.1_sdk_v1.1.0/buildroot/output/rockchip_rv1126b/host/libexec/gcc/aarch64-buildroot-linux-gnu/13.3.0/lto-wrapper]
  ignore line: [Target: aarch64-buildroot-linux-gnu]
  ignore line: [Configured with: ./configure --prefix=/home/talowe/rv1126b/rv1126b_linux6.1_sdk_v1.1.0/buildroot/output/rockchip_rv1126b/host --sysconfdir=/home/talowe/rv1126b/rv1126b_linux6.1_sdk_v1.1.0/buildroot/output/rockchip_rv1126b/host/etc --enable-static --target=aarch64-buildroot-linux-gnu --with-sysroot=/home/talowe/rv1126b/rv1126b_linux6.1_sdk_v1.1.0/buildroot/output/rockchip_rv1126b/host/aarch64-buildroot-linux-gnu/sysroot --enable-__cxa_atexit --with-gnu-ld --disable-libssp --disable-multilib --disable-decimal-float --enable-plugins --enable-lto --with-gmp=/home/talowe/rv1126b/rv1126b_linux6.1_sdk_v1.1.0/buildroot/output/rockchip_rv1126b/host --with-mpc=/home/talowe/rv1126b/rv1126b_linux6.1_sdk_v1.1.0/buildroot/output/rockchip_rv1126b/host --with-mpfr=/home/talowe/rv1126b/rv1126b_linux6.1_sdk_v1.1.0/buildroot/output/rockchip_rv1126b/host --with-pkgversion='Buildroot 2024.02' --with-bugurl=https://gitlab.com/buildroot.org/buildroot/-/issues --without-zstd --disable-libquadmath --disable-libquadmath-support --enable-tls --enable-threads --without-isl --without-cloog --with-abi=lp64 --with-cpu=cortex-a53 --enable-languages=c,c++ --with-build-time-tools=/home/talowe/rv1126b/rv1126b_linux6.1_sdk_v1.1.0/buildroot/output/rockchip_rv1126b/host/aarch64-buildroot-linux-gnu/bin --enable-shared --disable-libgomp]
  ignore line: [Thread model: posix]
  ignore line: [Supported LTO compression algorithms: zlib]
  ignore line: [gcc version 13.3.0 (Buildroot 2024.02) ]
  ignore line: [COMPILER_PATH=/home/talowe/rv1126b/rv1126b_linux6.1_sdk_v1.1.0/buildroot/output/rockchip_rv1126b/host/libexec/gcc/aarch64-buildroot-linux-gnu/13.3.0/:/home/talowe/rv1126b/rv1126b_linux6.1_sdk_v1.1.0/buildroot/output/rockchip_rv1126b/host/libexec/gcc/aarch64-buildroot-linux-gnu/13.3.0/:/home/talowe/rv1126b/rv1126b_linux6.1_sdk_v1.1.0/buildroot/output/rockchip_rv1126b/host/libexec/gcc/aarch64-buildroot-linux-gnu/:/home/talowe/rv1126b/rv1126b_linux6.1_sdk_v1.1.0/buildroot/output/rockchip_rv1126b/host/lib/gcc/aarch64-buildroot-linux-gnu/13.3.0/:/home/talowe/rv1126b/rv1126b_linux6.1_sdk_v1.1.0/buildroot/output/rockchip_rv1126b/host/lib/gcc/aarch64-buildroot-linux-gnu/:/home/talowe/rv1126b/rv1126b_linux6.1_sdk_v1.1.0/buildroot/output/rockchip_rv1126b/host/lib/gcc/aarch64-buildroot-linux-gnu/13.3.0/../../../../aarch64-buildroot-linux-gnu/bin/]
  ignore line: [LIBRARY_PATH=/home/talowe/rv1126b/rv1126b_linux6.1_sdk_v1.1.0/buildroot/output/rockchip_rv1126b/host/lib/gcc/aarch64-buildroot-linux-gnu/13.3.0/:/home/talowe/rv1126b/rv1126b_linux6.1_sdk_v1.1.0/buildroot/output/rockchip_rv1126b/host/lib/gcc/aarch64-buildroot-linux-gnu/13.3.0/../../../../aarch64-buildroot-linux-gnu/lib/../lib64/:/home/talowe/rv1126b/rv1126b_linux6.1_sdk_v1.1.0/buildroot/output/rockchip_rv1126b/host/aarch64-buildroot-linux-gnu/sysroot/lib/../lib64/:/home/talowe/rv1126b/rv1126b_linux6.1_sdk_v1.1.0/buildroot/output/rockchip_rv1126b/host/aarch64-buildroot-linux-gnu/sysroot/usr/lib/../lib64/:/home/talowe/rv1126b/rv1126b_linux6.1_sdk_v1.1.0/buildroot/output/rockchip_rv1126b/host/lib/gcc/aarch64-buildroot-linux-gnu/13.3.0/../../../../aarch64-buildroot-linux-gnu/lib/:/home/talowe/rv1126b/rv1126b_linux6.1_sdk_v1.1.0/buildroot/output/rockchip_rv1126b/host/aarch64-buildroot-linux-gnu/sysroot/lib/:/home/talowe/rv1126b/rv1126b_linux6.1_sdk_v1.1.0/buildroot/output/rockchip_rv1126b/host/aarch64-buildroot-linux-gnu/sysroot/usr/lib/]
  ignore line: [COLLECT_GCC_OPTIONS='--sysroot=/home/talowe/rv1126b/rv1126b_linux6.1_sdk_v1.1.0/buildroot/output/rockchip_rv1126b/host/aarch64-buildroot-linux-gnu/sysroot' '-fstack-protector-strong' '-fPIE' '-pie' '-v' '-o' 'cmTC_56f29' '-shared-libgcc' '-mcpu=cortex-a53' '-mlittle-endian' '-mabi=lp64' '-dumpdir' 'cmTC_56f29.']
  link line: [ /home/talowe/rv1126b/rv1126b_linux6.1_sdk_v1.1.0/buildroot/output/rockchip_rv1126b/host/libexec/gcc/aarch64-buildroot-linux-gnu/13.3.0/collect2 -plugin /home/talowe/rv1126b/rv1126b_linux6.1_sdk_v1.1.0/buildroot/output/rockchip_rv1126b/host/libexec/gcc/aarch64-buildroot-linux-gnu/13.3.0/liblto_plugin.so -plugin-opt=/home/talowe/rv1126b/rv1126b_linux6.1_sdk_v1.1.0/buildroot/output/rockchip_rv1126b/host/libexec/gcc/aarch64-buildroot-linux-gnu/13.3.0/lto-wrapper -plugin-opt=-fresolution=/tmp/ccf73yEQ.res -plugin-opt=-pass-through=-lgcc_s -plugin-opt=-pass-through=-lgcc -plugin-opt=-pass-through=-lc -plugin-opt=-pass-through=-lgcc_s -plugin-opt=-pass-through=-lgcc --sysroot=/home/talowe/rv1126b/rv1126b_linux6.1_sdk_v1.1.0/buildroot/output/rockchip_rv1126b/host/aarch64-buildroot-linux-gnu/sysroot --eh-frame-hdr -dynamic-linker /lib/ld-linux-aarch64.so.1 -X -EL -maarch64linux -pie -o cmTC_56f29 /home/talowe/rv1126b/rv1126b_linux6.1_sdk_v1.1.0/buildroot/output/rockchip_rv1126b/host/aarch64-buildroot-linux-gnu/sysroot/lib/../lib64/Scrt1.o /home/talowe/rv1126b/rv1126b_linux6.1_sdk_v1.1.0/buildroot/output/rockchip_rv1126b/host/aarch64-buildroot-linux-gnu/sysroot/lib/../lib64/crti.o /home/talowe/rv1126b/rv1126b_linux6.1_sdk_v1.1.0/buildroot/output/rockchip_rv1126b/host/lib/gcc/aarch64-buildroot-linux-gnu/13.3.0/crtbeginS.o -L/home/talowe/rv1126b/rv1126b_linux6.1_sdk_v1.1.0/buildroot/output/rockchip_rv1126b/host/lib/gcc/aarch64-buildroot-linux-gnu/13.3.0 -L/home/talowe/rv1126b/rv1126b_linux6.1_sdk_v1.1.0/buildroot/output/rockchip_rv1126b/host/lib/gcc/aarch64-buildroot-linux-gnu/13.3.0/../../../../aarch64-buildroot-linux-gnu/lib/../lib64 -L/home/talowe/rv1126b/rv1126b_linux6.1_sdk_v1.1.0/buildroot/output/rockchip_rv1126b/host/aarch64-buildroot-linux-gnu/sysroot/lib/../lib64 -L/home/talowe/rv1126b/rv1126b_linux6.1_sdk_v1.1.0/buildroot/output/rockchip_rv1126b/host/aarch64-buildroot-linux-gnu/sysroot/usr/lib/../lib64 -L/home/talowe/rv1126b/rv1126b_linux6.1_sdk_v1.1.0/buildroot/output/rockchip_rv1126b/host/lib/gcc/aarch64-buildroot-linux-gnu/13.3.0/../../../../aarch64-buildroot-linux-gnu/lib -L/home/talowe/rv1126b/rv1126b_linux6.1_sdk_v1.1.0/buildroot/output/rockchip_rv1126b/host/aarch64-buildroot-linux-gnu/sysroot/lib -L/home/talowe/rv1126b/rv1126b_linux6.1_sdk_v1.1.0/buildroot/output/rockchip_rv1126b/host/aarch64-buildroot-linux-gnu/sysroot/usr/lib -z max-page-size=4096 -z common-page-size=4096 -z now -z relro CMakeFiles/cmTC_56f29.dir/CMakeCXXCompilerABI.cpp.o -lstdc++ -lm -lgcc_s -lgcc -lc -lgcc_s -lgcc /home/talowe/rv1126b/rv1126b_linux6.1_sdk_v1.1.0/buildroot/output/rockchip_rv1126b/host/lib/gcc/aarch64-buildroot-linux-gnu/13.3.0/crtendS.o /home/talowe/rv1126b/rv1126b_linux6.1_sdk_v1.1.0/buildroot/output/rockchip_rv1126b/host/aarch64-buildroot-linux-gnu/sysroot/lib/../lib64/crtn.o]
    arg [/home/talowe/rv1126b/rv1126b_linux6.1_sdk_v1.1.0/buildroot/output/rockchip_rv1126b/host/libexec/gcc/aarch64-buildroot-linux-gnu/13.3.0/collect2] ==> ignore
    arg [-plugin] ==> ignore
    arg [/home/talowe/rv1126b/rv1126b_linux6.1_sdk_v1.1.0/buildroot/output/rockchip_rv1126b/host/libexec/gcc/aarch64-buildroot-linux-gnu/13.3.0/liblto_plugin.so] ==> ignore
    arg [-plugin-opt=/home/talowe/rv1126b/rv1126b_linux6.1_sdk_v1.1.0/buildroot/output/rockchip_rv1126b/host/libexec/gcc/aarch64-buildroot-linux-gnu/13.3.0/lto-wrapper] ==> ignore
    arg [-plugin-opt=-fresolution=/tmp/ccf73yEQ.res] ==> ignore
    arg [-plugin-opt=-pass-through=-lgcc_s] ==> ignore
    arg [-plugin-opt=-pass-through=-lgcc] ==> ignore
    arg [-plugin-opt=-pass-through=-lc] ==> ignore
    arg [-plugin-opt=-pass-through=-lgcc_s] ==> ignore
    arg [-plugin-opt=-pass-through=-lgcc] ==> ignore
    arg [--sysroot=/home/talowe/rv1126b/rv1126b_linux6.1_sdk_v1.1.0/buildroot/output/rockchip_rv1126b/host/aarch64-buildroot-linux-gnu/sysroot] ==> ignore
    arg [--eh-frame-hdr] ==> ignore
    arg [-dynamic-linker] ==> ignore
    arg [/lib/ld-linux-aarch64.so.1] ==> ignore
    arg [-X] ==> ignore
    arg [-EL] ==> ignore
    arg [-maarch64linux] ==> ignore
    arg [-pie] ==> ignore
    arg [-o] ==> ignore
    arg [cmTC_56f29] ==> ignore
    arg [/home/talowe/rv1126b/rv1126b_linux6.1_sdk_v1.1.0/buildroot/output/rockchip_rv1126b/host/aarch64-buildroot-linux-gnu/sysroot/lib/../lib64/Scrt1.o] ==> obj [/home/talowe/rv1126b/rv1126b_linux6.1_sdk_v1.1.0/buildroot/output/rockchip_rv1126b/host/aarch64-buildroot-linux-gnu/sysroot/lib/../lib64/Scrt1.o]
    arg [/home/talowe/rv1126b/rv1126b_linux6.1_sdk_v1.1.0/buildroot/output/rockchip_rv1126b/host/aarch64-buildroot-linux-gnu/sysroot/lib/../lib64/crti.o] ==> obj [/home/talowe/rv1126b/rv1126b_linux6.1_sdk_v1.1.0/buildroot/output/rockchip_rv1126b/host/aarch64-buildroot-linux-gnu/sysroot/lib/../lib64/crti.o]
    arg [/home/talowe/rv1126b/rv1126b_linux6.1_sdk_v1.1.0/buildroot/output/rockchip_rv1126b/host/lib/gcc/aarch64-buildroot-linux-gnu/13.3.0/crtbeginS.o] ==> obj [/home/talowe/rv1126b/rv1126b_linux6.1_sdk_v1.1.0/buildroot/output/rockchip_rv1126b/host/lib/gcc/aarch64-buildroot-linux-gnu/13.3.0/crtbeginS.o]
    arg [-L/home/talowe/rv1126b/rv1126b_linux6.1_sdk_v1.1.0/buildroot/output/rockchip_rv1126b/host/lib/gcc/aarch64-buildroot-linux-gnu/13.3.0] ==> dir [/home/talowe/rv1126b/rv1126b_linux6.1_sdk_v1.1.0/buildroot/output/rockchip_rv1126b/host/lib/gcc/aarch64-buildroot-linux-gnu/13.3.0]
    arg [-L/home/talowe/rv1126b/rv1126b_linux6.1_sdk_v1.1.0/buildroot/output/rockchip_rv1126b/host/lib/gcc/aarch64-buildroot-linux-gnu/13.3.0/../../../../aarch64-buildroot-linux-gnu/lib/../lib64] ==> dir [/home/talowe/rv1126b/rv1126b_linux6.1_sdk_v1.1.0/buildroot/output/rockchip_rv1126b/host/lib/gcc/aarch64-buildroot-linux-gnu/13.3.0/../../../../aarch64-buildroot-linux-gnu/lib/../lib64]
    arg [-L/home/talowe/rv1126b/rv1126b_linux6.1_sdk_v1.1.0/buildroot/output/rockchip_rv1126b/host/aarch64-buildroot-linux-gnu/sysroot/lib/../lib64] ==> dir [/home/talowe/rv1126b/rv1126b_linux6.1_sdk_v1.1.0/buildroot/output/rockchip_rv1126b/host/aarch64-buildroot-linux-gnu/sysroot/lib/../lib64]
    arg [-L/home/talowe/rv1126b/rv1126b_linux6.1_sdk_v1.1.0/buildroot/output/rockchip_rv1126b/host/aarch64-buildroot-linux-gnu/sysroot/usr/lib/../lib64] ==> dir [/home/talowe/rv1126b/rv1126b_linux6.1_sdk_v1.1.0/buildroot/output/rockchip_rv1126b/host/aarch64-buildroot-linux-gnu/sysroot/usr/lib/../lib64]
    arg [-L/home/talowe/rv1126b/rv1126b_linux6.1_sdk_v1.1.0/buildroot/output/rockchip_rv1126b/host/lib/gcc/aarch64-buildroot-linux-gnu/13.3.0/../../../../aarch64-buildroot-linux-gnu/lib] ==> dir [/home/talowe/rv1126b/rv1126b_linux6.1_sdk_v1.1.0/buildroot/output/rockchip_rv1126b/host/lib/gcc/aarch64-buildroot-linux-gnu/13.3.0/../../../../aarch64-buildroot-linux-gnu/lib]
    arg [-L/home/talowe/rv1126b/rv1126b_linux6.1_sdk_v1.1.0/buildroot/output/rockchip_rv1126b/host/aarch64-buildroot-linux-gnu/sysroot/lib] ==> dir [/home/talowe/rv1126b/rv1126b_linux6.1_sdk_v1.1.0/buildroot/output/rockchip_rv1126b/host/aarch64-buildroot-linux-gnu/sysroot/lib]
    arg [-L/home/talowe/rv1126b/rv1126b_linux6.1_sdk_v1.1.0/buildroot/output/rockchip_rv1126b/host/aarch64-buildroot-linux-gnu/sysroot/usr/lib] ==> dir [/home/talowe/rv1126b/rv1126b_linux6.1_sdk_v1.1.0/buildroot/output/rockchip_rv1126b/host/aarch64-buildroot-linux-gnu/sysroot/usr/lib]
    arg [-zmax-page-size=4096] ==> ignore
    arg [-zcommon-page-size=4096] ==> ignore
    arg [-znow] ==> ignore
    arg [-zrelro] ==> ignore
    arg [CMakeFiles/cmTC_56f29.dir/CMakeCXXCompilerABI.cpp.o] ==> ignore
    arg [-lstdc++] ==> lib [stdc++]
    arg [-lm] ==> lib [m]
    arg [-lgcc_s] ==> lib [gcc_s]
    arg [-lgcc] ==> lib [gcc]
    arg [-lc] ==> lib [c]
    arg [-lgcc_s] ==> lib [gcc_s]
    arg [-lgcc] ==> lib [gcc]
    arg [/home/talowe/rv1126b/rv1126b_linux6.1_sdk_v1.1.0/buildroot/output/rockchip_rv1126b/host/lib/gcc/aarch64-buildroot-linux-gnu/13.3.0/crtendS.o] ==> obj [/home/talowe/rv1126b/rv1126b_linux6.1_sdk_v1.1.0/buildroot/output/rockchip_rv1126b/host/lib/gcc/aarch64-buildroot-linux-gnu/13.3.0/crtendS.o]
    arg [/home/talowe/rv1126b/rv1126b_linux6.1_sdk_v1.1.0/buildroot/output/rockchip_rv1126b/host/aarch64-buildroot-linux-gnu/sysroot/lib/../lib64/crtn.o] ==> obj [/home/talowe/rv1126b/rv1126b_linux6.1_sdk_v1.1.0/buildroot/output/rockchip_rv1126b/host/aarch64-buildroot-linux-gnu/sysroot/lib/../lib64/crtn.o]
  collapse obj [/home/talowe/rv1126b/rv1126b_linux6.1_sdk_v1.1.0/buildroot/output/rockchip_rv1126b/host/aarch64-buildroot-linux-gnu/sysroot/lib/../lib64/Scrt1.o] ==> [/home/talowe/rv1126b/rv1126b_linux6.1_sdk_v1.1.0/buildroot/output/rockchip_rv1126b/host/aarch64-buildroot-linux-gnu/sysroot/lib64/Scrt1.o]
  collapse obj [/home/talowe/rv1126b/rv1126b_linux6.1_sdk_v1.1.0/buildroot/output/rockchip_rv1126b/host/aarch64-buildroot-linux-gnu/sysroot/lib/../lib64/crti.o] ==> [/home/talowe/rv1126b/rv1126b_linux6.1_sdk_v1.1.0/buildroot/output/rockchip_rv1126b/host/aarch64-buildroot-linux-gnu/sysroot/lib64/crti.o]
  collapse obj [/home/talowe/rv1126b/rv1126b_linux6.1_sdk_v1.1.0/buildroot/output/rockchip_rv1126b/host/aarch64-buildroot-linux-gnu/sysroot/lib/../lib64/crtn.o] ==> [/home/talowe/rv1126b/rv1126b_linux6.1_sdk_v1.1.0/buildroot/output/rockchip_rv1126b/host/aarch64-buildroot-linux-gnu/sysroot/lib64/crtn.o]
  collapse library dir [/home/talowe/rv1126b/rv1126b_linux6.1_sdk_v1.1.0/buildroot/output/rockchip_rv1126b/host/lib/gcc/aarch64-buildroot-linux-gnu/13.3.0] ==> [/home/talowe/rv1126b/rv1126b_linux6.1_sdk_v1.1.0/buildroot/output/rockchip_rv1126b/host/lib/gcc/aarch64-buildroot-linux-gnu/13.3.0]
  collapse library dir [/home/talowe/rv1126b/rv1126b_linux6.1_sdk_v1.1.0/buildroot/output/rockchip_rv1126b/host/lib/gcc/aarch64-buildroot-linux-gnu/13.3.0/../../../../aarch64-buildroot-linux-gnu/lib/../lib64] ==> [/home/talowe/rv1126b/rv1126b_linux6.1_sdk_v1.1.0/buildroot/output/rockchip_rv1126b/host/aarch64-buildroot-linux-gnu/lib64]
  collapse library dir [/home/talowe/rv1126b/rv1126b_linux6.1_sdk_v1.1.0/buildroot/output/rockchip_rv1126b/host/aarch64-buildroot-linux-gnu/sysroot/lib/../lib64] ==> [/home/talowe/rv1126b/rv1126b_linux6.1_sdk_v1.1.0/buildroot/output/rockchip_rv1126b/host/aarch64-buildroot-linux-gnu/sysroot/lib64]
  collapse library dir [/home/talowe/rv1126b/rv1126b_linux6.1_sdk_v1.1.0/buildroot/output/rockchip_rv1126b/host/aarch64-buildroot-linux-gnu/sysroot/usr/lib/../lib64] ==> [/home/talowe/rv1126b/rv1126b_linux6.1_sdk_v1.1.0/buildroot/output/rockchip_rv1126b/host/aarch64-buildroot-linux-gnu/sysroot/usr/lib64]
  collapse library dir [/home/talowe/rv1126b/rv1126b_linux6.1_sdk_v1.1.0/buildroot/output/rockchip_rv1126b/host/lib/gcc/aarch64-buildroot-linux-gnu/13.3.0/../../../../aarch64-buildroot-linux-gnu/lib] ==> [/home/talowe/rv1126b/rv1126b_linux6.1_sdk_v1.1.0/buildroot/output/rockchip_rv1126b/host/aarch64-buildroot-linux-gnu/lib]
  collapse library dir [/home/talowe/rv1126b/rv1126b_linux6.1_sdk_v1.1.0/buildroot/output/rockchip_rv1126b/host/aarch64-buildroot-linux-gnu/sysroot/lib] ==> [/home/talowe/rv1126b/rv1126b_linux6.1_sdk_v1.1.0/buildroot/output/rockchip_rv1126b/host/aarch64-buildroot-linux-gnu/sysroot/lib]
  collapse library dir [/home/talowe/rv1126b/rv1126b_linux6.1_sdk_v1.1.0/buildroot/output/rockchip_rv1126b/host/aarch64-buildroot-linux-gnu/sysroot/usr/lib] ==> [/home/talowe/rv1126b/rv1126b_linux6.1_sdk_v1.1.0/buildroot/output/rockchip_rv1126b/host/aarch64-buildroot-linux-gnu/sysroot/usr/lib]
  implicit libs: [stdc++;m;gcc_s;gcc;c;gcc_s;gcc]
  implicit objs: [/home/talowe/rv1126b/rv1126b_linux6.1_sdk_v1.1.0/buildroot/output/rockchip_rv1126b/host/aarch64-buildroot-linux-gnu/sysroot/lib64/Scrt1.o;/home/talowe/rv1126b/rv1126b_linux6.1_sdk_v1.1.0/buildroot/output/rockchip_rv1126b/host/aarch64-buildroot-linux-gnu/sysroot/lib64/crti.o;/home/talowe/rv1126b/rv1126b_linux6.1_sdk_v1.1.0/buildroot/output/rockchip_rv1126b/host/lib/gcc/aarch64-buildroot-linux-gnu/13.3.0/crtbeginS.o;/home/talowe/rv1126b/rv1126b_linux6.1_sdk_v1.1.0/buildroot/output/rockchip_rv1126b/host/lib/gcc/aarch64-buildroot-linux-gnu/13.3.0/crtendS.o;/home/talowe/rv1126b/rv1126b_linux6.1_sdk_v1.1.0/buildroot/output/rockchip_rv1126b/host/aarch64-buildroot-linux-gnu/sysroot/lib64/crtn.o]
  implicit dirs: [/home/talowe/rv1126b/rv1126b_linux6.1_sdk_v1.1.0/buildroot/output/rockchip_rv1126b/host/lib/gcc/aarch64-buildroot-linux-gnu/13.3.0;/home/talowe/rv1126b/rv1126b_linux6.1_sdk_v1.1.0/buildroot/output/rockchip_rv1126b/host/aarch64-buildroot-linux-gnu/lib64;/home/talowe/rv1126b/rv1126b_linux6.1_sdk_v1.1.0/buildroot/output/rockchip_rv1126b/host/aarch64-buildroot-linux-gnu/sysroot/lib64;/home/talowe/rv1126b/rv1126b_linux6.1_sdk_v1.1.0/buildroot/output/rockchip_rv1126b/host/aarch64-buildroot-linux-gnu/sysroot/usr/lib64;/home/talowe/rv1126b/rv1126b_linux6.1_sdk_v1.1.0/buildroot/output/rockchip_rv1126b/host/aarch64-buildroot-linux-gnu/lib;/home/talowe/rv1126b/rv1126b_linux6.1_sdk_v1.1.0/buildroot/output/rockchip_rv1126b/host/aarch64-buildroot-linux-gnu/sysroot/lib;/home/talowe/rv1126b/rv1126b_linux6.1_sdk_v1.1.0/buildroot/output/rockchip_rv1126b/host/aarch64-buildroot-linux-gnu/sysroot/usr/lib]
  implicit fwks: []


Determining if the include file pthread.h exists passed with the following output:
Change Dir: /home/talowe/rv1126b_aidemo/yolo26_cam/cpp/build/build_rknn_yolo26_cam_rv1126b_linux_aarch64_Release/CMakeFiles/CMakeTmp

Run Build Command(s):/usr/bin/gmake -f Makefile cmTC_80d30/fast && /usr/bin/gmake  -f CMakeFiles/cmTC_80d30.dir/build.make CMakeFiles/cmTC_80d30.dir/build
gmake[1]: Entering directory '/home/talowe/rv1126b_aidemo/yolo26_cam/cpp/build/build_rknn_yolo26_cam_rv1126b_linux_aarch64_Release/CMakeFiles/CMakeTmp'
Building C object CMakeFiles/cmTC_80d30.dir/CheckIncludeFile.c.o
/home/talowe/rv1126b/rv1126b_linux6.1_sdk_v1.1.0/buildroot/output/rockchip_rv1126b/host/bin/aarch64-buildroot-linux-gnu-gcc --sysroot=/home/talowe/rv1126b/rv1126b_linux6.1_sdk_v1.1.0/buildroot/output/rockchip_rv1126b/host/aarch64-buildroot-linux-gnu/sysroot    -o CMakeFiles/cmTC_80d30.dir/CheckIncludeFile.c.o -c /home/talowe/rv1126b_aidemo/yolo26_cam/cpp/build/build_rknn_yolo26_cam_rv1126b_linux_aarch64_Release/CMakeFiles/CMakeTmp/CheckIncludeFile.c
Linking C executable cmTC_80d30
/usr/bin/cmake -E cmake_link_script CMakeFiles/cmTC_80d30.dir/link.txt --verbose=1
/home/talowe/rv1126b/rv1126b_linux6.1_sdk_v1.1.0/buildroot/output/rockchip_rv1126b/host/bin/aarch64-buildroot-linux-gnu-gcc --sysroot=/home/talowe/rv1126b/rv1126b_linux6.1_sdk_v1.1.0/buildroot/output/rockchip_rv1126b/host/aarch64-buildroot-linux-gnu/sysroot CMakeFiles/cmTC_80d30.dir/CheckIncludeFile.c.o -o cmTC_80d30 
gmake[1]: Leaving directory '/home/talowe/rv1126b_aidemo/yolo26_cam/cpp/build/build_rknn_yolo26_cam_rv1126b_linux_aarch64_Release/CMakeFiles/CMakeTmp'



Performing C SOURCE FILE Test CMAKE_HAVE_LIBC_PTHREAD succeeded with the following output:
Change Dir: /home/talowe/rv1126b_aidemo/yolo26_cam/cpp/build/build_rknn_yolo26_cam_rv1126b_linux_aarch64_Release/CMakeFiles/CMakeTmp

Run Build Command(s):/usr/bin/gmake -f Makefile cmTC_3fba7/fast && /usr/bin/gmake  -f CMakeFiles/cmTC_3fba7.dir/build.make CMakeFiles/cmTC_3fba7.dir/build
gmake[1]: Entering directory '/home/talowe/rv1126b_aidemo/yolo26_cam/cpp/build/build_rknn_yolo26_cam_rv1126b_linux_aarch64_Release/CMakeFiles/CMakeTmp'
Building C object CMakeFiles/cmTC_3fba7.dir/src.c.o
/home/talowe/rv1126b/rv1126b_linux6.1_sdk_v1.1.0/buildroot/output/rockchip_rv1126b/host/bin/aarch64-buildroot-linux-gnu-gcc --sysroot=/home/talowe/rv1126b/rv1126b_linux6.1_sdk_v1.1.0/buildroot/output/rockchip_rv1126b/host/aarch64-buildroot-linux-gnu/sysroot -DCMAKE_HAVE_LIBC_PTHREAD   -o CMakeFiles/cmTC_3fba7.dir/src.c.o -c /home/talowe/rv1126b_aidemo/yolo26_cam/cpp/build/build_rknn_yolo26_cam_rv1126b_linux_aarch64_Release/CMakeFiles/CMakeTmp/src.c
Linking C executable cmTC_3fba7
/usr/bin/cmake -E cmake_link_script CMakeFiles/cmTC_3fba7.dir/link.txt --verbose=1
/home/talowe/rv1126b/rv1126b_linux6.1_sdk_v1.1.0/buildroot/output/rockchip_rv1126b/host/bin/aarch64-buildroot-linux-gnu-gcc --sysroot=/home/talowe/rv1126b/rv1126b_linux6.1_sdk_v1.1.0/buildroot/output/rockchip_rv1126b/host/aarch64-buildroot-linux-gnu/sysroot CMakeFiles/cmTC_3fba7.dir/src.c.o -o cmTC_3fba7 
gmake[1]: Leaving directory '/home/talowe/rv1126b_aidemo/yolo26_cam/cpp/build/build_rknn_yolo26_cam_rv1126b_linux_aarch64_Release/CMakeFiles/CMakeTmp'


Source file was:
#include <pthread.h>

static void* test_func(void* data)
{
  return data;
}

int main(void)
{
  pthread_t thread;
  pthread_create(&thread, NULL, test_func, NULL);
  pthread_detach(thread);
  pthread_cancel(thread);
  pthread_join(thread, NULL);
  pthread_atfork(NULL, NULL, NULL);
  pthread_exit(NULL);

  return 0;
}

